2025-12-04 16:07:48.680 [main] INFO  com.example.demo.TopicMessageTest [unknown-node:8080] - Starting TopicMessageTest using Java 11.0.11 on zhouwenwudeMacBook-Pro.local with PID 23436 (started by markchou in /Users/markchou/Documents/code-demo-pratice/application-demo)
2025-12-04 16:07:48.684 [main] INFO  com.example.demo.TopicMessageTest [unknown-node:8080] - The following 1 profile is active: "local-nacos"
2025-12-04 16:07:48.738 [main] INFO  c.a.c.n.c.NacosConfigDataLoader [unknown-node:8080] - [Nacos Config] Load config[dataId=nacos-demo-service-local.properties, group=DEFAULT_GROUP] success
2025-12-04 16:07:49.601 [main] INFO  o.s.d.r.c.RepositoryConfigurationDelegate [unknown-node:8080] - Multiple Spring Data modules found, entering strict repository configuration mode
2025-12-04 16:07:49.602 [main] INFO  o.s.d.r.c.RepositoryConfigurationDelegate [unknown-node:8080] - Bootstrapping Spring Data Elasticsearch repositories in DEFAULT mode.
2025-12-04 16:07:49.615 [main] INFO  o.s.d.r.c.RepositoryConfigurationDelegate [unknown-node:8080] - Finished Spring Data repository scanning in 7 ms. Found 0 Elasticsearch repository interfaces.
2025-12-04 16:07:49.809 [main] DEBUG org.apache.ibatis.logging.LogFactory [unknown-node:8080] - Logging initialized using 'class org.apache.ibatis.logging.slf4j.Slf4jImpl' adapter.
2025-12-04 16:07:49.818 [main] DEBUG o.m.s.mapper.ClassPathMapperScanner [unknown-node:8080] - Identified candidate component class: file [/Users/markchou/Documents/code-demo-pratice/application-demo/target/classes/com/example/demo/mapper/SysUserMapper.class]
2025-12-04 16:07:49.819 [main] DEBUG o.m.s.mapper.ClassPathMapperScanner [unknown-node:8080] - Creating MapperFactoryBean with name 'sysUserMapper' and 'com.example.demo.mapper.SysUserMapper' mapperInterface
2025-12-04 16:07:49.819 [main] DEBUG o.m.s.mapper.ClassPathMapperScanner [unknown-node:8080] - Enabling autowire by type for MapperFactoryBean with name 'sysUserMapper'.
2025-12-04 16:07:50.047 [main] INFO  o.s.d.r.c.RepositoryConfigurationDelegate [unknown-node:8080] - Multiple Spring Data modules found, entering strict repository configuration mode
2025-12-04 16:07:50.047 [main] INFO  o.s.d.r.c.RepositoryConfigurationDelegate [unknown-node:8080] - Bootstrapping Spring Data Elasticsearch repositories in DEFAULT mode.
2025-12-04 16:07:50.078 [main] INFO  o.s.d.r.c.RepositoryConfigurationExtensionSupport [unknown-node:8080] - Spring Data Elasticsearch - Could not safely identify store assignment for repository candidate interface com.example.demo.repository.PayAccountGroupRepository; If you want this repository to be a Elasticsearch repository, consider annotating your entities with one of these annotations: org.springframework.data.elasticsearch.annotations.Document (preferred), or consider extending one of the following types with your repository: org.springframework.data.elasticsearch.repository.ElasticsearchRepository, org.springframework.data.elasticsearch.repository.ElasticsearchRepository
2025-12-04 16:07:50.332 [main] INFO  o.s.d.r.c.RepositoryConfigurationDelegate [unknown-node:8080] - Finished Spring Data repository scanning in 284 ms. Found 1 Elasticsearch repository interfaces.
2025-12-04 16:07:50.337 [main] INFO  o.s.d.r.c.RepositoryConfigurationDelegate [unknown-node:8080] - Multiple Spring Data modules found, entering strict repository configuration mode
2025-12-04 16:07:50.338 [main] INFO  o.s.d.r.c.RepositoryConfigurationDelegate [unknown-node:8080] - Bootstrapping Spring Data Reactive Elasticsearch repositories in DEFAULT mode.
2025-12-04 16:07:50.342 [main] INFO  o.s.d.r.c.RepositoryConfigurationExtensionSupport [unknown-node:8080] - Spring Data Reactive Elasticsearch - Could not safely identify store assignment for repository candidate interface com.example.demo.repository.PayAccountGroupRepository; If you want this repository to be a Reactive Elasticsearch repository, consider annotating your entities with one of these annotations: org.springframework.data.elasticsearch.annotations.Document (preferred), or consider extending one of the following types with your repository: org.springframework.data.elasticsearch.repository.ReactiveElasticsearchRepository
2025-12-04 16:07:50.345 [main] INFO  o.s.d.r.c.RepositoryConfigurationDelegate [unknown-node:8080] - Finished Spring Data repository scanning in 6 ms. Found 0 Reactive Elasticsearch repository interfaces.
2025-12-04 16:07:50.355 [main] INFO  o.s.d.r.c.RepositoryConfigurationDelegate [unknown-node:8080] - Multiple Spring Data modules found, entering strict repository configuration mode
2025-12-04 16:07:50.357 [main] INFO  o.s.d.r.c.RepositoryConfigurationDelegate [unknown-node:8080] - Bootstrapping Spring Data JPA repositories in DEFAULT mode.
2025-12-04 16:07:50.372 [main] INFO  o.s.d.r.c.RepositoryConfigurationExtensionSupport [unknown-node:8080] - Spring Data JPA - Could not safely identify store assignment for repository candidate interface com.example.demo.repository.ProductRepository; If you want this repository to be a JPA repository, consider annotating your entities with one of these annotations: javax.persistence.Entity, javax.persistence.MappedSuperclass (preferred), or consider extending one of the following types with your repository: org.springframework.data.jpa.repository.JpaRepository
2025-12-04 16:07:50.380 [main] INFO  o.s.d.r.c.RepositoryConfigurationDelegate [unknown-node:8080] - Finished Spring Data repository scanning in 17 ms. Found 1 JPA repository interfaces.
2025-12-04 16:07:50.401 [main] INFO  o.s.d.r.c.RepositoryConfigurationDelegate [unknown-node:8080] - Multiple Spring Data modules found, entering strict repository configuration mode
2025-12-04 16:07:50.403 [main] INFO  o.s.d.r.c.RepositoryConfigurationDelegate [unknown-node:8080] - Bootstrapping Spring Data Redis repositories in DEFAULT mode.
2025-12-04 16:07:50.424 [main] INFO  o.s.d.r.c.RepositoryConfigurationExtensionSupport [unknown-node:8080] - Spring Data Redis - Could not safely identify store assignment for repository candidate interface com.example.demo.repository.PayAccountGroupRepository; If you want this repository to be a Redis repository, consider annotating your entities with one of these annotations: org.springframework.data.redis.core.RedisHash (preferred), or consider extending one of the following types with your repository: org.springframework.data.keyvalue.repository.KeyValueRepository
2025-12-04 16:07:50.425 [main] INFO  o.s.d.r.c.RepositoryConfigurationExtensionSupport [unknown-node:8080] - Spring Data Redis - Could not safely identify store assignment for repository candidate interface com.example.demo.repository.ProductRepository; If you want this repository to be a Redis repository, consider annotating your entities with one of these annotations: org.springframework.data.redis.core.RedisHash (preferred), or consider extending one of the following types with your repository: org.springframework.data.keyvalue.repository.KeyValueRepository
2025-12-04 16:07:50.425 [main] INFO  o.s.d.r.c.RepositoryConfigurationDelegate [unknown-node:8080] - Finished Spring Data repository scanning in 11 ms. Found 0 Redis repository interfaces.
2025-12-04 16:07:50.715 [main] INFO  o.s.cloud.context.scope.GenericScope [unknown-node:8080] - BeanFactory id=61458f8a-b42b-340c-a66b-f940e47a9b67
2025-12-04 16:07:52.074 [main] INFO  com.zaxxer.hikari.HikariDataSource [unknown-node:8080] - HikariPool-1 - Starting...
2025-12-04 16:07:52.373 [main] INFO  com.zaxxer.hikari.HikariDataSource [unknown-node:8080] - HikariPool-1 - Start completed.
2025-12-04 16:07:53.721 [main] INFO  o.s.o.j.LocalContainerEntityManagerFactoryBean [unknown-node:8080] - Initialized JPA EntityManagerFactory for persistence unit 'default'
2025-12-04 16:07:54.428 [main] DEBUG o.m.spring.SqlSessionFactoryBean [unknown-node:8080] - Property 'mapperLocations' was not specified or no matching resources found
2025-12-04 16:07:56.515 [main] WARN  org.elasticsearch.client.RestClient [unknown-node:8080] - request [HEAD http://localhost:9200/products?ignore_throttled=false&ignore_unavailable=false&expand_wildcards=open%2Cclosed&allow_no_indices=false] returned 1 warnings: [299 Elasticsearch-7.17.0-bee86328705acaa9a6daede7140defd4d9ec56bd "[ignore_throttled] parameter is deprecated because frozen indices have been deprecated. Consider cold or frozen tiers in place of frozen indices."]
2025-12-04 16:07:57.050 [main] WARN  o.s.b.a.o.j.JpaBaseConfiguration$JpaWebConfiguration [unknown-node:8080] - spring.jpa.open-in-view is enabled by default. Therefore, database queries may be performed during view rendering. Explicitly configure spring.jpa.open-in-view to disable this warning
2025-12-04 16:07:57.392 [main] INFO  c.a.c.s.SentinelWebMvcConfigurer [unknown-node:8080] - [Sentinel Starter] register SentinelWebInterceptor with urlPatterns: [/**].
2025-12-04 16:07:59.931 [main] INFO  o.s.a.r.c.CachingConnectionFactory [unknown-node:8080] - Attempting to connect to: [localhost:5672, localhost:5673]
2025-12-04 16:08:00.015 [main] INFO  o.s.a.r.c.CachingConnectionFactory [unknown-node:8080] - Created new connection: rabbitConnectionFactory#4c1d2a13:0/SimpleConnection@46577744 [delegate=amqp://rabbit@127.0.0.1:5672/, localPort= 55573]
2025-12-04 16:08:00.418 [main] INFO  com.example.demo.TopicMessageTest [unknown-node:8080] - Started TopicMessageTest in 14.557 seconds (JVM running for 16.677)
2025-12-04 16:08:00.442 [main] INFO  c.a.c.n.r.NacosContextRefresher [unknown-node:8080] - [Nacos Config] Listening config: dataId=nacos-demo-service-local.properties, group=DEFAULT_GROUP
2025-12-04 16:08:00.630 [AMQP Connection 127.0.0.1:5672] ERROR o.s.a.r.c.CachingConnectionFactory [unknown-node:8080] - Shutdown Signal: channel error; protocol method: #method<channel.close>(reply-code=404, reply-text=NOT_FOUND - no exchange 'demo.topic.exchange' in vhost '/', class-id=60, method-id=40)
2025-12-04 16:08:03.645 [Thread-6] WARN  c.a.nacos.common.notify.NotifyCenter [unknown-node:8080] - [NotifyCenter] Start destroying Publisher
2025-12-04 16:08:03.646 [Thread-6] WARN  c.a.nacos.common.notify.NotifyCenter [unknown-node:8080] - [NotifyCenter] Destruction of the end
2025-12-04 16:08:03.645 [Thread-1] WARN  c.a.n.c.http.HttpClientBeanHolder [unknown-node:8080] - [HttpClientBeanHolder] Start destroying common HttpClient
2025-12-04 16:08:03.650 [Thread-1] WARN  c.a.n.c.http.HttpClientBeanHolder [unknown-node:8080] - [HttpClientBeanHolder] Destruction of the end
2025-12-04 16:08:03.659 [org.springframework.amqp.rabbit.RabbitListenerEndpointContainer#0-2] INFO  o.s.a.r.l.SimpleMessageListenerContainer [unknown-node:8080] - Waiting for workers to finish.
2025-12-04 16:08:03.664 [org.springframework.amqp.rabbit.RabbitListenerEndpointContainer#1-2] INFO  o.s.a.r.l.SimpleMessageListenerContainer [unknown-node:8080] - Waiting for workers to finish.
2025-12-04 16:08:03.667 [org.springframework.amqp.rabbit.RabbitListenerEndpointContainer#2-2] INFO  o.s.a.r.l.SimpleMessageListenerContainer [unknown-node:8080] - Waiting for workers to finish.
2025-12-04 16:08:03.670 [org.springframework.amqp.rabbit.RabbitListenerEndpointContainer#3-2] INFO  o.s.a.r.l.SimpleMessageListenerContainer [unknown-node:8080] - Waiting for workers to finish.
2025-12-04 16:08:04.381 [org.springframework.amqp.rabbit.RabbitListenerEndpointContainer#0-2] INFO  o.s.a.r.l.SimpleMessageListenerContainer [unknown-node:8080] - Successfully waited for workers to finish.
2025-12-04 16:08:04.394 [org.springframework.amqp.rabbit.RabbitListenerEndpointContainer#1-2] INFO  o.s.a.r.l.SimpleMessageListenerContainer [unknown-node:8080] - Successfully waited for workers to finish.
2025-12-04 16:08:04.407 [org.springframework.amqp.rabbit.RabbitListenerEndpointContainer#2-2] INFO  o.s.a.r.l.SimpleMessageListenerContainer [unknown-node:8080] - Successfully waited for workers to finish.
2025-12-04 16:08:04.425 [org.springframework.amqp.rabbit.RabbitListenerEndpointContainer#3-2] INFO  o.s.a.r.l.SimpleMessageListenerContainer [unknown-node:8080] - Successfully waited for workers to finish.
2025-12-04 16:08:04.428 [SpringApplicationShutdownHook] INFO  o.s.a.r.l.SimpleMessageListenerContainer [unknown-node:8080] - Shutdown ignored - container is already stopped
2025-12-04 16:08:04.428 [SpringApplicationShutdownHook] INFO  o.s.a.r.l.SimpleMessageListenerContainer [unknown-node:8080] - Shutdown ignored - container is already stopped
2025-12-04 16:08:04.429 [SpringApplicationShutdownHook] INFO  o.s.a.r.l.SimpleMessageListenerContainer [unknown-node:8080] - Shutdown ignored - container is already stopped
2025-12-04 16:08:04.429 [SpringApplicationShutdownHook] INFO  o.s.a.r.l.SimpleMessageListenerContainer [unknown-node:8080] - Shutdown ignored - container is already stopped
2025-12-04 16:08:04.480 [SpringApplicationShutdownHook] INFO  o.s.o.j.LocalContainerEntityManagerFactoryBean [unknown-node:8080] - Closing JPA EntityManagerFactory for persistence unit 'default'
2025-12-04 16:08:04.483 [SpringApplicationShutdownHook] INFO  com.zaxxer.hikari.HikariDataSource [unknown-node:8080] - HikariPool-1 - Shutdown initiated...
2025-12-04 16:08:04.500 [SpringApplicationShutdownHook] INFO  com.zaxxer.hikari.HikariDataSource [unknown-node:8080] - HikariPool-1 - Shutdown completed.
