2025-12-01 17:18:13.823 [main] INFO  com.example.demo.DemoApplication [node1:8080] - Starting DemoApplication using Java 11.0.11 on zhouwenwudeMacBook-Pro.local with PID 73518 (/Users/markchou/Downloads/demo/target/classes started by markchou in /Users/markchou/Downloads/demo)
2025-12-01 17:18:13.826 [main] INFO  com.example.demo.DemoApplication [node1:8080] - The following 1 profile is active: "local"
2025-12-01 17:18:13.870 [main] INFO  c.a.c.n.c.NacosConfigDataLoader [node1:8080] - [Nacos Config] Load config[dataId=nacos-demo-service.properties, group=DEFAULT_GROUP] success
2025-12-01 17:18:14.484 [main] INFO  o.s.d.r.c.RepositoryConfigurationDelegate [node1:8080] - Multiple Spring Data modules found, entering strict repository configuration mode
2025-12-01 17:18:14.485 [main] INFO  o.s.d.r.c.RepositoryConfigurationDelegate [node1:8080] - Bootstrapping Spring Data Elasticsearch repositories in DEFAULT mode.
2025-12-01 17:18:14.496 [main] INFO  o.s.d.r.c.RepositoryConfigurationDelegate [node1:8080] - Finished Spring Data repository scanning in 7 ms. Found 0 Elasticsearch repository interfaces.
2025-12-01 17:18:14.789 [main] INFO  o.s.d.r.c.RepositoryConfigurationDelegate [node1:8080] - Multiple Spring Data modules found, entering strict repository configuration mode
2025-12-01 17:18:14.790 [main] INFO  o.s.d.r.c.RepositoryConfigurationDelegate [node1:8080] - Bootstrapping Spring Data Elasticsearch repositories in DEFAULT mode.
2025-12-01 17:18:14.822 [main] INFO  o.s.d.r.c.RepositoryConfigurationExtensionSupport [node1:8080] - Spring Data Elasticsearch - Could not safely identify store assignment for repository candidate interface com.example.demo.repository.PayAccountGroupRepository; If you want this repository to be a Elasticsearch repository, consider annotating your entities with one of these annotations: org.springframework.data.elasticsearch.annotations.Document (preferred), or consider extending one of the following types with your repository: org.springframework.data.elasticsearch.repository.ElasticsearchRepository, org.springframework.data.elasticsearch.repository.ElasticsearchRepository
2025-12-01 17:18:14.859 [main] INFO  o.s.d.r.c.RepositoryConfigurationDelegate [node1:8080] - Finished Spring Data repository scanning in 67 ms. Found 1 Elasticsearch repository interfaces.
2025-12-01 17:18:14.863 [main] INFO  o.s.d.r.c.RepositoryConfigurationDelegate [node1:8080] - Multiple Spring Data modules found, entering strict repository configuration mode
2025-12-01 17:18:14.863 [main] INFO  o.s.d.r.c.RepositoryConfigurationDelegate [node1:8080] - Bootstrapping Spring Data Reactive Elasticsearch repositories in DEFAULT mode.
2025-12-01 17:18:14.867 [main] INFO  o.s.d.r.c.RepositoryConfigurationExtensionSupport [node1:8080] - Spring Data Reactive Elasticsearch - Could not safely identify store assignment for repository candidate interface com.example.demo.repository.PayAccountGroupRepository; If you want this repository to be a Reactive Elasticsearch repository, consider annotating your entities with one of these annotations: org.springframework.data.elasticsearch.annotations.Document (preferred), or consider extending one of the following types with your repository: org.springframework.data.elasticsearch.repository.ReactiveElasticsearchRepository
2025-12-01 17:18:14.869 [main] INFO  o.s.d.r.c.RepositoryConfigurationDelegate [node1:8080] - Finished Spring Data repository scanning in 5 ms. Found 0 Reactive Elasticsearch repository interfaces.
2025-12-01 17:18:14.877 [main] INFO  o.s.d.r.c.RepositoryConfigurationDelegate [node1:8080] - Multiple Spring Data modules found, entering strict repository configuration mode
2025-12-01 17:18:14.877 [main] INFO  o.s.d.r.c.RepositoryConfigurationDelegate [node1:8080] - Bootstrapping Spring Data JPA repositories in DEFAULT mode.
2025-12-01 17:18:14.890 [main] INFO  o.s.d.r.c.RepositoryConfigurationExtensionSupport [node1:8080] - Spring Data JPA - Could not safely identify store assignment for repository candidate interface com.example.demo.repository.ProductRepository; If you want this repository to be a JPA repository, consider annotating your entities with one of these annotations: javax.persistence.Entity, javax.persistence.MappedSuperclass (preferred), or consider extending one of the following types with your repository: org.springframework.data.jpa.repository.JpaRepository
2025-12-01 17:18:14.895 [main] INFO  o.s.d.r.c.RepositoryConfigurationDelegate [node1:8080] - Finished Spring Data repository scanning in 12 ms. Found 1 JPA repository interfaces.
2025-12-01 17:18:14.909 [main] INFO  o.s.d.r.c.RepositoryConfigurationDelegate [node1:8080] - Multiple Spring Data modules found, entering strict repository configuration mode
2025-12-01 17:18:14.911 [main] INFO  o.s.d.r.c.RepositoryConfigurationDelegate [node1:8080] - Bootstrapping Spring Data Redis repositories in DEFAULT mode.
2025-12-01 17:18:14.924 [main] INFO  o.s.d.r.c.RepositoryConfigurationExtensionSupport [node1:8080] - Spring Data Redis - Could not safely identify store assignment for repository candidate interface com.example.demo.repository.PayAccountGroupRepository; If you want this repository to be a Redis repository, consider annotating your entities with one of these annotations: org.springframework.data.redis.core.RedisHash (preferred), or consider extending one of the following types with your repository: org.springframework.data.keyvalue.repository.KeyValueRepository
2025-12-01 17:18:14.925 [main] INFO  o.s.d.r.c.RepositoryConfigurationExtensionSupport [node1:8080] - Spring Data Redis - Could not safely identify store assignment for repository candidate interface com.example.demo.repository.ProductRepository; If you want this repository to be a Redis repository, consider annotating your entities with one of these annotations: org.springframework.data.redis.core.RedisHash (preferred), or consider extending one of the following types with your repository: org.springframework.data.keyvalue.repository.KeyValueRepository
2025-12-01 17:18:14.925 [main] INFO  o.s.d.r.c.RepositoryConfigurationDelegate [node1:8080] - Finished Spring Data repository scanning in 4 ms. Found 0 Redis repository interfaces.
2025-12-01 17:18:15.120 [main] INFO  o.s.cloud.context.scope.GenericScope [node1:8080] - BeanFactory id=6725b44a-fb62-3036-94f7-67c63f7588d5
2025-12-01 17:18:15.711 [main] INFO  o.s.b.w.e.tomcat.TomcatWebServer [node1:8080] - Tomcat initialized with port(s): 8080 (http)
2025-12-01 17:18:15.722 [main] INFO  o.a.catalina.core.StandardService [node1:8080] - Starting service [Tomcat]
2025-12-01 17:18:15.722 [main] INFO  o.a.catalina.core.StandardEngine [node1:8080] - Starting Servlet engine: [Apache Tomcat/9.0.68]
2025-12-01 17:18:15.851 [main] INFO  o.a.c.c.C.[Tomcat].[localhost].[/] [node1:8080] - Initializing Spring embedded WebApplicationContext
2025-12-01 17:18:15.851 [main] INFO  o.s.b.w.s.c.ServletWebServerApplicationContext [node1:8080] - Root WebApplicationContext: initialization completed in 1979 ms
2025-12-01 17:18:16.402 [main] INFO  com.zaxxer.hikari.HikariDataSource [node1:8080] - HikariPool-1 - Starting...
2025-12-01 17:18:16.588 [main] INFO  com.zaxxer.hikari.HikariDataSource [node1:8080] - HikariPool-1 - Start completed.
2025-12-01 17:18:17.380 [main] INFO  o.s.o.j.LocalContainerEntityManagerFactoryBean [node1:8080] - Initialized JPA EntityManagerFactory for persistence unit 'default'
2025-12-01 17:18:18.824 [main] WARN  org.elasticsearch.client.RestClient [node1:8080] - request [HEAD http://localhost:9200/products?ignore_throttled=false&ignore_unavailable=false&expand_wildcards=open%2Cclosed&allow_no_indices=false] returned 1 warnings: [299 Elasticsearch-7.17.0-bee86328705acaa9a6daede7140defd4d9ec56bd "[ignore_throttled] parameter is deprecated because frozen indices have been deprecated. Consider cold or frozen tiers in place of frozen indices."]
2025-12-01 17:18:18.987 [main] WARN  o.s.b.a.o.j.JpaBaseConfiguration$JpaWebConfiguration [node1:8080] - spring.jpa.open-in-view is enabled by default. Therefore, database queries may be performed during view rendering. Explicitly configure spring.jpa.open-in-view to disable this warning
2025-12-01 17:18:19.170 [main] INFO  c.a.c.s.SentinelWebMvcConfigurer [node1:8080] - [Sentinel Starter] register SentinelWebInterceptor with urlPatterns: [/**].
2025-12-01 17:18:20.070 [main] INFO  o.s.b.w.e.tomcat.TomcatWebServer [node1:8080] - Tomcat started on port(s): 8080 (http) with context path ''
2025-12-01 17:18:20.087 [main] INFO  c.a.n.p.a.s.c.ClientAuthPluginManager [node1:8080] - [ClientAuthPluginManager] Load ClientAuthService com.alibaba.nacos.client.auth.impl.NacosClientAuthServiceImpl success.
2025-12-01 17:18:20.087 [main] INFO  c.a.n.p.a.s.c.ClientAuthPluginManager [node1:8080] - [ClientAuthPluginManager] Load ClientAuthService com.alibaba.nacos.client.auth.ram.RamClientAuthServiceImpl success.
2025-12-01 17:18:20.240 [main] INFO  c.a.c.n.r.NacosServiceRegistry [node1:8080] - nacos registry, DEFAULT_GROUP nacos-demo-service 192.168.31.227:8080 register finished
2025-12-01 17:18:20.255 [main] INFO  com.example.demo.DemoApplication [node1:8080] - Started DemoApplication in 8.553 seconds (JVM running for 9.608)
2025-12-01 17:18:20.270 [main] INFO  c.a.c.n.r.NacosContextRefresher [node1:8080] - [Nacos Config] Listening config: dataId=nacos-demo-service.properties, group=DEFAULT_GROUP
2025-12-01 17:18:20.271 [main] INFO  com.example.demo.DemoApplication [node1:8080] - 应用启动完成，开始测试日志输出
2025-12-01 18:01:31.964 [HikariPool-1 housekeeper] WARN  com.zaxxer.hikari.pool.HikariPool [node1:8080] - HikariPool-1 - Thread starvation or clock leap detected (housekeeper delta=9m45s78ms).
2025-12-01 18:11:17.430 [HikariPool-1 housekeeper] WARN  com.zaxxer.hikari.pool.HikariPool [node1:8080] - HikariPool-1 - Thread starvation or clock leap detected (housekeeper delta=9m45s467ms).
2025-12-01 18:21:02.779 [HikariPool-1 housekeeper] WARN  com.zaxxer.hikari.pool.HikariPool [node1:8080] - HikariPool-1 - Thread starvation or clock leap detected (housekeeper delta=9m45s349ms).
2025-12-01 18:30:46.131 [HikariPool-1 housekeeper] WARN  com.zaxxer.hikari.pool.HikariPool [node1:8080] - HikariPool-1 - Thread starvation or clock leap detected (housekeeper delta=9m43s352ms).
2025-12-01 18:40:33.313 [HikariPool-1 housekeeper] WARN  com.zaxxer.hikari.pool.HikariPool [node1:8080] - HikariPool-1 - Thread starvation or clock leap detected (housekeeper delta=9m47s182ms).
2025-12-01 18:50:18.809 [HikariPool-1 housekeeper] WARN  com.zaxxer.hikari.pool.HikariPool [node1:8080] - HikariPool-1 - Thread starvation or clock leap detected (housekeeper delta=9m45s496ms).
2025-12-01 19:00:34.058 [HikariPool-1 housekeeper] WARN  com.zaxxer.hikari.pool.HikariPool [node1:8080] - HikariPool-1 - Thread starvation or clock leap detected (housekeeper delta=9m45s249ms).
2025-12-01 19:10:19.465 [HikariPool-1 housekeeper] WARN  com.zaxxer.hikari.pool.HikariPool [node1:8080] - HikariPool-1 - Thread starvation or clock leap detected (housekeeper delta=9m45s407ms).
2025-12-01 19:20:05.032 [HikariPool-1 housekeeper] WARN  com.zaxxer.hikari.pool.HikariPool [node1:8080] - HikariPool-1 - Thread starvation or clock leap detected (housekeeper delta=9m45s567ms).
2025-12-01 19:29:50.570 [HikariPool-1 housekeeper] WARN  com.zaxxer.hikari.pool.HikariPool [node1:8080] - HikariPool-1 - Thread starvation or clock leap detected (housekeeper delta=9m45s538ms).
2025-12-01 19:39:35.794 [HikariPool-1 housekeeper] WARN  com.zaxxer.hikari.pool.HikariPool [node1:8080] - HikariPool-1 - Thread starvation or clock leap detected (housekeeper delta=9m45s224ms).
2025-12-01 19:49:20.335 [HikariPool-1 housekeeper] WARN  com.zaxxer.hikari.pool.HikariPool [node1:8080] - HikariPool-1 - Thread starvation or clock leap detected (housekeeper delta=9m44s541ms).
2025-12-01 19:59:34.770 [HikariPool-1 housekeeper] WARN  com.zaxxer.hikari.pool.HikariPool [node1:8080] - HikariPool-1 - Thread starvation or clock leap detected (housekeeper delta=9m43s562ms).
2025-12-01 20:09:20.326 [HikariPool-1 housekeeper] WARN  com.zaxxer.hikari.pool.HikariPool [node1:8080] - HikariPool-1 - Thread starvation or clock leap detected (housekeeper delta=9m45s556ms).
2025-12-01 20:19:07.772 [HikariPool-1 housekeeper] WARN  com.zaxxer.hikari.pool.HikariPool [node1:8080] - HikariPool-1 - Thread starvation or clock leap detected (housekeeper delta=9m47s445ms).
2025-12-01 20:28:51.165 [HikariPool-1 housekeeper] WARN  com.zaxxer.hikari.pool.HikariPool [node1:8080] - HikariPool-1 - Thread starvation or clock leap detected (housekeeper delta=9m43s394ms).
2025-12-01 20:38:38.494 [HikariPool-1 housekeeper] WARN  com.zaxxer.hikari.pool.HikariPool [node1:8080] - HikariPool-1 - Thread starvation or clock leap detected (housekeeper delta=9m47s329ms).
2025-12-01 20:48:23.563 [HikariPool-1 housekeeper] WARN  com.zaxxer.hikari.pool.HikariPool [node1:8080] - HikariPool-1 - Thread starvation or clock leap detected (housekeeper delta=9m45s69ms).
2025-12-01 20:58:39.163 [HikariPool-1 housekeeper] WARN  com.zaxxer.hikari.pool.HikariPool [node1:8080] - HikariPool-1 - Thread starvation or clock leap detected (housekeeper delta=9m45s181ms).
2025-12-01 21:08:24.841 [HikariPool-1 housekeeper] WARN  com.zaxxer.hikari.pool.HikariPool [node1:8080] - HikariPool-1 - Thread starvation or clock leap detected (housekeeper delta=9m45s678ms).
2025-12-01 21:18:10.428 [HikariPool-1 housekeeper] WARN  com.zaxxer.hikari.pool.HikariPool [node1:8080] - HikariPool-1 - Thread starvation or clock leap detected (housekeeper delta=9m45s587ms).
2025-12-01 21:27:53.994 [HikariPool-1 housekeeper] WARN  com.zaxxer.hikari.pool.HikariPool [node1:8080] - HikariPool-1 - Thread starvation or clock leap detected (housekeeper delta=9m43s566ms).
2025-12-01 21:37:41.400 [HikariPool-1 housekeeper] WARN  com.zaxxer.hikari.pool.HikariPool [node1:8080] - HikariPool-1 - Thread starvation or clock leap detected (housekeeper delta=9m47s406ms).
2025-12-01 21:47:27.090 [HikariPool-1 housekeeper] WARN  com.zaxxer.hikari.pool.HikariPool [node1:8080] - HikariPool-1 - Thread starvation or clock leap detected (housekeeper delta=9m44s610ms).
2025-12-01 21:57:43.657 [HikariPool-1 housekeeper] WARN  com.zaxxer.hikari.pool.HikariPool [node1:8080] - HikariPool-1 - Thread starvation or clock leap detected (housekeeper delta=9m45s578ms).
2025-12-01 22:07:29.064 [HikariPool-1 housekeeper] WARN  com.zaxxer.hikari.pool.HikariPool [node1:8080] - HikariPool-1 - Thread starvation or clock leap detected (housekeeper delta=9m45s407ms).
2025-12-01 22:17:14.585 [HikariPool-1 housekeeper] WARN  com.zaxxer.hikari.pool.HikariPool [node1:8080] - HikariPool-1 - Thread starvation or clock leap detected (housekeeper delta=9m45s521ms).
2025-12-01 22:27:00.117 [HikariPool-1 housekeeper] WARN  com.zaxxer.hikari.pool.HikariPool [node1:8080] - HikariPool-1 - Thread starvation or clock leap detected (housekeeper delta=9m45s532ms).
2025-12-01 22:36:45.671 [HikariPool-1 housekeeper] WARN  com.zaxxer.hikari.pool.HikariPool [node1:8080] - HikariPool-1 - Thread starvation or clock leap detected (housekeeper delta=9m45s554ms).
2025-12-01 22:46:31.012 [HikariPool-1 housekeeper] WARN  com.zaxxer.hikari.pool.HikariPool [node1:8080] - HikariPool-1 - Thread starvation or clock leap detected (housekeeper delta=9m45s341ms).
2025-12-01 22:47:00.059 [HikariPool-1 housekeeper] WARN  com.zaxxer.hikari.pool.HikariPool [node1:8080] - HikariPool-1 - Retrograde clock change detected (housekeeper delta=29s46ms), soft-evicting connections from pool.
2025-12-01 22:56:45.664 [HikariPool-1 housekeeper] WARN  com.zaxxer.hikari.pool.HikariPool [node1:8080] - HikariPool-1 - Thread starvation or clock leap detected (housekeeper delta=9m45s606ms).
2025-12-01 23:06:33.265 [HikariPool-1 housekeeper] WARN  com.zaxxer.hikari.pool.HikariPool [node1:8080] - HikariPool-1 - Thread starvation or clock leap detected (housekeeper delta=9m47s601ms).
2025-12-01 23:16:16.703 [HikariPool-1 housekeeper] WARN  com.zaxxer.hikari.pool.HikariPool [node1:8080] - HikariPool-1 - Thread starvation or clock leap detected (housekeeper delta=9m43s438ms).
2025-12-01 23:26:04.117 [HikariPool-1 housekeeper] WARN  com.zaxxer.hikari.pool.HikariPool [node1:8080] - HikariPool-1 - Thread starvation or clock leap detected (housekeeper delta=9m47s414ms).
2025-12-01 23:35:51.474 [HikariPool-1 housekeeper] WARN  com.zaxxer.hikari.pool.HikariPool [node1:8080] - HikariPool-1 - Thread starvation or clock leap detected (housekeeper delta=9m47s357ms).
2025-12-01 23:45:38.012 [HikariPool-1 housekeeper] WARN  com.zaxxer.hikari.pool.HikariPool [node1:8080] - HikariPool-1 - Thread starvation or clock leap detected (housekeeper delta=9m46s538ms).
