2025-12-05 00:07:49.006 [HikariPool-1 housekeeper] WARN  com.zaxxer.hikari.pool.HikariPool [node1:8080] - HikariPool-1 - Thread starvation or clock leap detected (housekeeper delta=9m44s880ms).
2025-12-05 00:18:08.706 [HikariPool-1 housekeeper] WARN  com.zaxxer.hikari.pool.HikariPool [node1:8080] - HikariPool-1 - Thread starvation or clock leap detected (housekeeper delta=9m45s495ms).
2025-12-05 00:28:24.029 [HikariPool-1 housekeeper] WARN  com.zaxxer.hikari.pool.HikariPool [node1:8080] - HikariPool-1 - Thread starvation or clock leap detected (housekeeper delta=9m45s313ms).
2025-12-05 00:38:39.064 [HikariPool-1 housekeeper] WARN  com.zaxxer.hikari.pool.HikariPool [node1:8080] - HikariPool-1 - Thread starvation or clock leap detected (housekeeper delta=9m45s27ms).
2025-12-05 00:49:25.941 [HikariPool-1 housekeeper] WARN  com.zaxxer.hikari.pool.HikariPool [node1:8080] - HikariPool-1 - Thread starvation or clock leap detected (housekeeper delta=9m45s302ms).
2025-12-05 00:59:41.425 [HikariPool-1 housekeeper] WARN  com.zaxxer.hikari.pool.HikariPool [node1:8080] - HikariPool-1 - Thread starvation or clock leap detected (housekeeper delta=9m45s450ms).
2025-12-05 01:09:26.762 [HikariPool-1 housekeeper] WARN  com.zaxxer.hikari.pool.HikariPool [node1:8080] - HikariPool-1 - Thread starvation or clock leap detected (housekeeper delta=9m45s338ms).
2025-12-05 01:19:42.087 [HikariPool-1 housekeeper] WARN  com.zaxxer.hikari.pool.HikariPool [node1:8080] - HikariPool-1 - Thread starvation or clock leap detected (housekeeper delta=9m45s319ms).
2025-12-05 01:29:57.159 [HikariPool-1 housekeeper] WARN  com.zaxxer.hikari.pool.HikariPool [node1:8080] - HikariPool-1 - Thread starvation or clock leap detected (housekeeper delta=9m45s69ms).
2025-12-05 01:40:10.444 [HikariPool-1 housekeeper] WARN  com.zaxxer.hikari.pool.HikariPool [node1:8080] - HikariPool-1 - Thread starvation or clock leap detected (housekeeper delta=9m43s281ms).
2025-12-05 01:50:27.759 [HikariPool-1 housekeeper] WARN  com.zaxxer.hikari.pool.HikariPool [node1:8080] - HikariPool-1 - Thread starvation or clock leap detected (housekeeper delta=9m47s311ms).
2025-12-05 02:00:40.933 [HikariPool-1 housekeeper] WARN  com.zaxxer.hikari.pool.HikariPool [node1:8080] - HikariPool-1 - Thread starvation or clock leap detected (housekeeper delta=9m43s168ms).
2025-12-05 02:10:28.304 [HikariPool-1 housekeeper] WARN  com.zaxxer.hikari.pool.HikariPool [node1:8080] - HikariPool-1 - Thread starvation or clock leap detected (housekeeper delta=9m47s371ms).
2025-12-05 02:20:43.731 [HikariPool-1 housekeeper] WARN  com.zaxxer.hikari.pool.HikariPool [node1:8080] - HikariPool-1 - Thread starvation or clock leap detected (housekeeper delta=9m45s421ms).
2025-12-05 02:30:59.007 [HikariPool-1 housekeeper] WARN  com.zaxxer.hikari.pool.HikariPool [node1:8080] - HikariPool-1 - Thread starvation or clock leap detected (housekeeper delta=9m45s270ms).
2025-12-05 02:40:44.576 [HikariPool-1 housekeeper] WARN  com.zaxxer.hikari.pool.HikariPool [node1:8080] - HikariPool-1 - Thread starvation or clock leap detected (housekeeper delta=9m45s569ms).
2025-12-05 02:50:59.565 [HikariPool-1 housekeeper] WARN  com.zaxxer.hikari.pool.HikariPool [node1:8080] - HikariPool-1 - Thread starvation or clock leap detected (housekeeper delta=9m44s981ms).
2025-12-05 03:01:15.279 [HikariPool-1 housekeeper] WARN  com.zaxxer.hikari.pool.HikariPool [node1:8080] - HikariPool-1 - Thread starvation or clock leap detected (housekeeper delta=9m45s714ms).
2025-12-05 03:11:00.763 [HikariPool-1 housekeeper] WARN  com.zaxxer.hikari.pool.HikariPool [node1:8080] - HikariPool-1 - Thread starvation or clock leap detected (housekeeper delta=9m45s484ms).
2025-12-05 03:21:16.325 [HikariPool-1 housekeeper] WARN  com.zaxxer.hikari.pool.HikariPool [node1:8080] - HikariPool-1 - Thread starvation or clock leap detected (housekeeper delta=9m45s560ms).
2025-12-05 03:31:27.749 [HikariPool-1 housekeeper] WARN  com.zaxxer.hikari.pool.HikariPool [node1:8080] - HikariPool-1 - Thread starvation or clock leap detected (housekeeper delta=9m41s421ms).
2025-12-05 03:41:17.219 [HikariPool-1 housekeeper] WARN  com.zaxxer.hikari.pool.HikariPool [node1:8080] - HikariPool-1 - Thread starvation or clock leap detected (housekeeper delta=9m49s470ms).
2025-12-05 03:51:32.681 [HikariPool-1 housekeeper] WARN  com.zaxxer.hikari.pool.HikariPool [node1:8080] - HikariPool-1 - Thread starvation or clock leap detected (housekeeper delta=9m45s463ms).
2025-12-05 04:01:46.092 [HikariPool-1 housekeeper] WARN  com.zaxxer.hikari.pool.HikariPool [node1:8080] - HikariPool-1 - Thread starvation or clock leap detected (housekeeper delta=9m43s401ms).
2025-12-05 04:11:33.504 [HikariPool-1 housekeeper] WARN  com.zaxxer.hikari.pool.HikariPool [node1:8080] - HikariPool-1 - Thread starvation or clock leap detected (housekeeper delta=9m47s412ms).
2025-12-05 04:21:48.819 [HikariPool-1 housekeeper] WARN  com.zaxxer.hikari.pool.HikariPool [node1:8080] - HikariPool-1 - Thread starvation or clock leap detected (housekeeper delta=9m45s307ms).
2025-12-05 04:32:04.102 [HikariPool-1 housekeeper] WARN  com.zaxxer.hikari.pool.HikariPool [node1:8080] - HikariPool-1 - Thread starvation or clock leap detected (housekeeper delta=9m45s275ms).
2025-12-05 04:41:49.687 [HikariPool-1 housekeeper] WARN  com.zaxxer.hikari.pool.HikariPool [node1:8080] - HikariPool-1 - Thread starvation or clock leap detected (housekeeper delta=9m45s585ms).
2025-12-05 04:52:05.061 [HikariPool-1 housekeeper] WARN  com.zaxxer.hikari.pool.HikariPool [node1:8080] - HikariPool-1 - Thread starvation or clock leap detected (housekeeper delta=9m45s382ms).
2025-12-05 05:02:20.629 [HikariPool-1 housekeeper] WARN  com.zaxxer.hikari.pool.HikariPool [node1:8080] - HikariPool-1 - Thread starvation or clock leap detected (housekeeper delta=9m45s563ms).
2025-12-05 05:12:07.007 [HikariPool-1 housekeeper] WARN  com.zaxxer.hikari.pool.HikariPool [node1:8080] - HikariPool-1 - Thread starvation or clock leap detected (housekeeper delta=9m46s378ms).
2025-12-05 05:22:22.828 [HikariPool-1 housekeeper] WARN  com.zaxxer.hikari.pool.HikariPool [node1:8080] - HikariPool-1 - Thread starvation or clock leap detected (housekeeper delta=9m45s380ms).
2025-12-05 05:32:38.141 [HikariPool-1 housekeeper] WARN  com.zaxxer.hikari.pool.HikariPool [node1:8080] - HikariPool-1 - Thread starvation or clock leap detected (housekeeper delta=9m45s309ms).
2025-12-05 05:42:53.524 [HikariPool-1 housekeeper] WARN  com.zaxxer.hikari.pool.HikariPool [node1:8080] - HikariPool-1 - Thread starvation or clock leap detected (housekeeper delta=9m45s377ms).
2025-12-05 05:53:09.007 [HikariPool-1 housekeeper] WARN  com.zaxxer.hikari.pool.HikariPool [node1:8080] - HikariPool-1 - Thread starvation or clock leap detected (housekeeper delta=9m45s476ms).
2025-12-05 06:03:24.576 [HikariPool-1 housekeeper] WARN  com.zaxxer.hikari.pool.HikariPool [node1:8080] - HikariPool-1 - Thread starvation or clock leap detected (housekeeper delta=9m45s558ms).
2025-12-05 06:13:10.021 [HikariPool-1 housekeeper] WARN  com.zaxxer.hikari.pool.HikariPool [node1:8080] - HikariPool-1 - Thread starvation or clock leap detected (housekeeper delta=9m45s444ms).
2025-12-05 06:23:25.645 [HikariPool-1 housekeeper] WARN  com.zaxxer.hikari.pool.HikariPool [node1:8080] - HikariPool-1 - Thread starvation or clock leap detected (housekeeper delta=9m45s619ms).
2025-12-05 06:33:43.727 [HikariPool-1 housekeeper] WARN  com.zaxxer.hikari.pool.HikariPool [node1:8080] - HikariPool-1 - Thread starvation or clock leap detected (housekeeper delta=9m48s82ms).
2025-12-05 06:43:28.241 [HikariPool-1 housekeeper] WARN  com.zaxxer.hikari.pool.HikariPool [node1:8080] - HikariPool-1 - Thread starvation or clock leap detected (housekeeper delta=9m44s514ms).
2025-12-05 06:53:47.411 [HikariPool-1 housekeeper] WARN  com.zaxxer.hikari.pool.HikariPool [node1:8080] - HikariPool-1 - Thread starvation or clock leap detected (housekeeper delta=9m47s950ms).
2025-12-05 07:04:32.826 [HikariPool-1 housekeeper] WARN  com.zaxxer.hikari.pool.HikariPool [node1:8080] - HikariPool-1 - Thread starvation or clock leap detected (housekeeper delta=9m45s403ms).
2025-12-05 07:14:16.481 [HikariPool-1 housekeeper] WARN  com.zaxxer.hikari.pool.HikariPool [node1:8080] - HikariPool-1 - Thread starvation or clock leap detected (housekeeper delta=9m43s655ms).
2025-12-05 07:24:33.975 [HikariPool-1 housekeeper] WARN  com.zaxxer.hikari.pool.HikariPool [node1:8080] - HikariPool-1 - Thread starvation or clock leap detected (housekeeper delta=9m47s491ms).
2025-12-05 07:34:49.432 [HikariPool-1 housekeeper] WARN  com.zaxxer.hikari.pool.HikariPool [node1:8080] - HikariPool-1 - Thread starvation or clock leap detected (housekeeper delta=9m45s448ms).
2025-12-05 07:44:34.983 [HikariPool-1 housekeeper] WARN  com.zaxxer.hikari.pool.HikariPool [node1:8080] - HikariPool-1 - Thread starvation or clock leap detected (housekeeper delta=9m45s551ms).
2025-12-05 07:54:50.292 [HikariPool-1 housekeeper] WARN  com.zaxxer.hikari.pool.HikariPool [node1:8080] - HikariPool-1 - Thread starvation or clock leap detected (housekeeper delta=9m45s299ms).
2025-12-05 08:05:35.659 [HikariPool-1 housekeeper] WARN  com.zaxxer.hikari.pool.HikariPool [node1:8080] - HikariPool-1 - Thread starvation or clock leap detected (housekeeper delta=9m45s359ms).
2025-12-05 08:15:20.987 [HikariPool-1 housekeeper] WARN  com.zaxxer.hikari.pool.HikariPool [node1:8080] - HikariPool-1 - Thread starvation or clock leap detected (housekeeper delta=9m45s328ms).
2025-12-05 08:25:36.047 [HikariPool-1 housekeeper] WARN  com.zaxxer.hikari.pool.HikariPool [node1:8080] - HikariPool-1 - Thread starvation or clock leap detected (housekeeper delta=9m45s60ms).
2025-12-05 08:35:54.003 [HikariPool-1 housekeeper] WARN  com.zaxxer.hikari.pool.HikariPool [node1:8080] - HikariPool-1 - Thread starvation or clock leap detected (housekeeper delta=9m47s947ms).
2025-12-05 08:45:39.395 [HikariPool-1 housekeeper] WARN  com.zaxxer.hikari.pool.HikariPool [node1:8080] - HikariPool-1 - Thread starvation or clock leap detected (housekeeper delta=9m45s393ms).
2025-12-05 08:55:54.779 [HikariPool-1 housekeeper] WARN  com.zaxxer.hikari.pool.HikariPool [node1:8080] - HikariPool-1 - Thread starvation or clock leap detected (housekeeper delta=9m45s378ms).
2025-12-05 09:06:40.232 [HikariPool-1 housekeeper] WARN  com.zaxxer.hikari.pool.HikariPool [node1:8080] - HikariPool-1 - Thread starvation or clock leap detected (housekeeper delta=9m45s425ms).
2025-12-05 09:16:25.615 [HikariPool-1 housekeeper] WARN  com.zaxxer.hikari.pool.HikariPool [node1:8080] - HikariPool-1 - Thread starvation or clock leap detected (housekeeper delta=9m45s383ms).
2025-12-05 09:26:40.864 [HikariPool-1 housekeeper] WARN  com.zaxxer.hikari.pool.HikariPool [node1:8080] - HikariPool-1 - Thread starvation or clock leap detected (housekeeper delta=9m45s241ms).
2025-12-05 09:36:56.278 [HikariPool-1 housekeeper] WARN  com.zaxxer.hikari.pool.HikariPool [node1:8080] - HikariPool-1 - Thread starvation or clock leap detected (housekeeper delta=9m45s395ms).
2025-12-05 09:46:43.095 [HikariPool-1 housekeeper] WARN  com.zaxxer.hikari.pool.HikariPool [node1:8080] - HikariPool-1 - Thread starvation or clock leap detected (housekeeper delta=9m45s870ms).
2025-12-05 09:54:07.154 [HikariPool-1 housekeeper] WARN  com.zaxxer.hikari.pool.HikariPool [node1:8080] - HikariPool-1 - Thread starvation or clock leap detected (housekeeper delta=6m54s432ms).
2025-12-05 10:22:49.987 [http-nio-8080-exec-4] INFO  c.example.demo.aop.WebControllerAOP [node1:8080] - host: localhost:8080
2025-12-05 10:22:49.993 [http-nio-8080-exec-4] INFO  c.example.demo.aop.WebControllerAOP [node1:8080] - connection: keep-alive
2025-12-05 10:22:49.994 [http-nio-8080-exec-4] INFO  c.example.demo.aop.WebControllerAOP [node1:8080] - sec-ch-ua-platform: "macOS"
2025-12-05 10:22:49.994 [http-nio-8080-exec-4] INFO  c.example.demo.aop.WebControllerAOP [node1:8080] - user-agent: Mozilla/5.0 (Macintosh; Intel Mac OS X 10_15_7) AppleWebKit/537.36 (KHTML, like Gecko) Chrome/142.0.0.0 Safari/537.36
2025-12-05 10:22:49.994 [http-nio-8080-exec-4] INFO  c.example.demo.aop.WebControllerAOP [node1:8080] - accept: */*
2025-12-05 10:22:49.994 [http-nio-8080-exec-4] INFO  c.example.demo.aop.WebControllerAOP [node1:8080] - sec-ch-ua: "Chromium";v="142", "Google Chrome";v="142", "Not_A Brand";v="99"
2025-12-05 10:22:49.994 [http-nio-8080-exec-4] INFO  c.example.demo.aop.WebControllerAOP [node1:8080] - sec-ch-ua-mobile: ?0
2025-12-05 10:22:49.994 [http-nio-8080-exec-4] INFO  c.example.demo.aop.WebControllerAOP [node1:8080] - sec-fetch-site: same-origin
2025-12-05 10:22:49.994 [http-nio-8080-exec-4] INFO  c.example.demo.aop.WebControllerAOP [node1:8080] - sec-fetch-mode: cors
2025-12-05 10:22:49.994 [http-nio-8080-exec-4] INFO  c.example.demo.aop.WebControllerAOP [node1:8080] - sec-fetch-dest: empty
2025-12-05 10:22:49.994 [http-nio-8080-exec-4] INFO  c.example.demo.aop.WebControllerAOP [node1:8080] - referer: http://localhost:8080/swagger-ui/index.html?urls.primaryName=product
2025-12-05 10:22:49.994 [http-nio-8080-exec-4] INFO  c.example.demo.aop.WebControllerAOP [node1:8080] - accept-encoding: gzip, deflate, br, zstd
2025-12-05 10:22:49.994 [http-nio-8080-exec-4] INFO  c.example.demo.aop.WebControllerAOP [node1:8080] - accept-language: zh-CN,zh;q=0.9,en;q=0.8
2025-12-05 10:22:49.995 [http-nio-8080-exec-4] INFO  c.example.demo.aop.WebControllerAOP [node1:8080] - cookie: sentinel_dashboard_cookie=C0E24FCC143A91EFF7F33120D8AF5F83
2025-12-05 10:22:49.996 [http-nio-8080-exec-4] INFO  c.example.demo.aop.WebControllerAOP [node1:8080] - [请求开始] ID: 7598c3e3
2025-12-05 10:22:50.002 [http-nio-8080-exec-4] INFO  c.example.demo.aop.WebControllerAOP [node1:8080] - 请求路径: /api/users/complex
2025-12-05 10:22:50.002 [http-nio-8080-exec-4] INFO  c.example.demo.aop.WebControllerAOP [node1:8080] - 客户端IP: 0:0:0:0:0:0:0:1
2025-12-05 10:22:50.003 [http-nio-8080-exec-4] INFO  c.example.demo.aop.WebControllerAOP [node1:8080] - 方法: MongoUserController.findComplexUsers
2025-12-05 10:22:50.014 [http-nio-8080-exec-4] INFO  c.example.demo.aop.WebControllerAOP [node1:8080] - 参数: {"name":["zhou"],"age":["4"]}
2025-12-05 10:22:50.538 [http-nio-8080-exec-4] INFO  c.example.demo.aop.WebControllerAOP [node1:8080] - 响应状态: 200
2025-12-05 10:22:50.542 [http-nio-8080-exec-4] INFO  c.example.demo.aop.WebControllerAOP [node1:8080] - 响应内容: [{"age":35,"email":"853522011@qq.com","id":"69318dc7070a457f28b2f292","name":"zhouwenwu","status":"active"},{"age":35,"email":"853522011@qq.com","id":"69318ddb070a457f28b2f293","name":"zhouwenwu2","status":"inactive"}]
2025-12-05 10:22:50.543 [http-nio-8080-exec-4] INFO  c.example.demo.aop.WebControllerAOP [node1:8080] - 响应大小: 218 字符
2025-12-05 10:22:50.543 [http-nio-8080-exec-4] INFO  c.example.demo.aop.WebControllerAOP [node1:8080] - [请求完成] ID: 7598c3e3, 耗时: 522ms
2025-12-05 10:22:53.951 [http-nio-8080-exec-5] INFO  c.example.demo.aop.WebControllerAOP [node1:8080] - host: localhost:8080
2025-12-05 10:22:53.951 [http-nio-8080-exec-5] INFO  c.example.demo.aop.WebControllerAOP [node1:8080] - connection: keep-alive
2025-12-05 10:22:53.951 [http-nio-8080-exec-5] INFO  c.example.demo.aop.WebControllerAOP [node1:8080] - sec-ch-ua-platform: "macOS"
2025-12-05 10:22:53.951 [http-nio-8080-exec-5] INFO  c.example.demo.aop.WebControllerAOP [node1:8080] - user-agent: Mozilla/5.0 (Macintosh; Intel Mac OS X 10_15_7) AppleWebKit/537.36 (KHTML, like Gecko) Chrome/142.0.0.0 Safari/537.36
2025-12-05 10:22:53.951 [http-nio-8080-exec-5] INFO  c.example.demo.aop.WebControllerAOP [node1:8080] - accept: */*
2025-12-05 10:22:53.952 [http-nio-8080-exec-5] INFO  c.example.demo.aop.WebControllerAOP [node1:8080] - sec-ch-ua: "Chromium";v="142", "Google Chrome";v="142", "Not_A Brand";v="99"
2025-12-05 10:22:53.952 [http-nio-8080-exec-5] INFO  c.example.demo.aop.WebControllerAOP [node1:8080] - sec-ch-ua-mobile: ?0
2025-12-05 10:22:53.952 [http-nio-8080-exec-5] INFO  c.example.demo.aop.WebControllerAOP [node1:8080] - sec-fetch-site: same-origin
2025-12-05 10:22:53.952 [http-nio-8080-exec-5] INFO  c.example.demo.aop.WebControllerAOP [node1:8080] - sec-fetch-mode: cors
2025-12-05 10:22:53.952 [http-nio-8080-exec-5] INFO  c.example.demo.aop.WebControllerAOP [node1:8080] - sec-fetch-dest: empty
2025-12-05 10:22:53.952 [http-nio-8080-exec-5] INFO  c.example.demo.aop.WebControllerAOP [node1:8080] - referer: http://localhost:8080/swagger-ui/index.html?urls.primaryName=product
2025-12-05 10:22:53.952 [http-nio-8080-exec-5] INFO  c.example.demo.aop.WebControllerAOP [node1:8080] - accept-encoding: gzip, deflate, br, zstd
2025-12-05 10:22:53.952 [http-nio-8080-exec-5] INFO  c.example.demo.aop.WebControllerAOP [node1:8080] - accept-language: zh-CN,zh;q=0.9,en;q=0.8
2025-12-05 10:22:53.952 [http-nio-8080-exec-5] INFO  c.example.demo.aop.WebControllerAOP [node1:8080] - cookie: sentinel_dashboard_cookie=C0E24FCC143A91EFF7F33120D8AF5F83
2025-12-05 10:22:53.952 [http-nio-8080-exec-5] INFO  c.example.demo.aop.WebControllerAOP [node1:8080] - [请求开始] ID: f7239dca
2025-12-05 10:22:53.952 [http-nio-8080-exec-5] INFO  c.example.demo.aop.WebControllerAOP [node1:8080] - 请求路径: /api/users/complex
2025-12-05 10:22:53.952 [http-nio-8080-exec-5] INFO  c.example.demo.aop.WebControllerAOP [node1:8080] - 客户端IP: 0:0:0:0:0:0:0:1
2025-12-05 10:22:53.953 [http-nio-8080-exec-5] INFO  c.example.demo.aop.WebControllerAOP [node1:8080] - 方法: MongoUserController.findComplexUsers
2025-12-05 10:22:53.953 [http-nio-8080-exec-5] INFO  c.example.demo.aop.WebControllerAOP [node1:8080] - 参数: {"name":["zhou"],"age":["4"]}
2025-12-05 10:22:53.966 [http-nio-8080-exec-5] INFO  c.example.demo.aop.WebControllerAOP [node1:8080] - 响应状态: 200
2025-12-05 10:22:53.966 [http-nio-8080-exec-5] INFO  c.example.demo.aop.WebControllerAOP [node1:8080] - 响应内容: [{"age":35,"email":"853522011@qq.com","id":"69318dc7070a457f28b2f292","name":"zhouwenwu","status":"active"},{"age":35,"email":"853522011@qq.com","id":"69318ddb070a457f28b2f293","name":"zhouwenwu2","status":"inactive"}]
2025-12-05 10:22:53.966 [http-nio-8080-exec-5] INFO  c.example.demo.aop.WebControllerAOP [node1:8080] - 响应大小: 218 字符
2025-12-05 10:22:53.966 [http-nio-8080-exec-5] INFO  c.example.demo.aop.WebControllerAOP [node1:8080] - [请求完成] ID: f7239dca, 耗时: 13ms
2025-12-05 10:26:35.859 [Thread-6] WARN  c.a.nacos.common.notify.NotifyCenter [node1:8080] - [NotifyCenter] Start destroying Publisher
2025-12-05 10:26:35.856 [Thread-1] WARN  c.a.n.c.http.HttpClientBeanHolder [node1:8080] - [HttpClientBeanHolder] Start destroying common HttpClient
2025-12-05 10:26:35.877 [Thread-6] WARN  c.a.nacos.common.notify.NotifyCenter [node1:8080] - [NotifyCenter] Destruction of the end
2025-12-05 10:26:35.913 [Thread-1] WARN  c.a.n.c.http.HttpClientBeanHolder [node1:8080] - [HttpClientBeanHolder] Destruction of the end
2025-12-05 10:26:36.496 [org.springframework.amqp.rabbit.RabbitListenerEndpointContainer#0-2] INFO  o.s.a.r.l.SimpleMessageListenerContainer [node1:8080] - Waiting for workers to finish.
2025-12-05 10:26:36.503 [org.springframework.amqp.rabbit.RabbitListenerEndpointContainer#1-2] INFO  o.s.a.r.l.SimpleMessageListenerContainer [node1:8080] - Waiting for workers to finish.
2025-12-05 10:26:36.511 [org.springframework.amqp.rabbit.RabbitListenerEndpointContainer#2-2] INFO  o.s.a.r.l.SimpleMessageListenerContainer [node1:8080] - Waiting for workers to finish.
2025-12-05 10:26:36.518 [org.springframework.amqp.rabbit.RabbitListenerEndpointContainer#3-2] INFO  o.s.a.r.l.SimpleMessageListenerContainer [node1:8080] - Waiting for workers to finish.
2025-12-05 10:26:36.964 [org.springframework.amqp.rabbit.RabbitListenerEndpointContainer#0-2] INFO  o.s.a.r.l.SimpleMessageListenerContainer [node1:8080] - Successfully waited for workers to finish.
2025-12-05 10:26:36.964 [org.springframework.amqp.rabbit.RabbitListenerEndpointContainer#3-2] INFO  o.s.a.r.l.SimpleMessageListenerContainer [node1:8080] - Successfully waited for workers to finish.
2025-12-05 10:26:36.965 [org.springframework.amqp.rabbit.RabbitListenerEndpointContainer#1-2] INFO  o.s.a.r.l.SimpleMessageListenerContainer [node1:8080] - Successfully waited for workers to finish.
2025-12-05 10:26:36.965 [org.springframework.amqp.rabbit.RabbitListenerEndpointContainer#2-2] INFO  o.s.a.r.l.SimpleMessageListenerContainer [node1:8080] - Successfully waited for workers to finish.
2025-12-05 10:26:37.175 [SpringApplicationShutdownHook] INFO  o.s.a.r.l.SimpleMessageListenerContainer [node1:8080] - Shutdown ignored - container is already stopped
2025-12-05 10:26:37.175 [SpringApplicationShutdownHook] INFO  o.s.a.r.l.SimpleMessageListenerContainer [node1:8080] - Shutdown ignored - container is already stopped
2025-12-05 10:26:37.175 [SpringApplicationShutdownHook] INFO  o.s.a.r.l.SimpleMessageListenerContainer [node1:8080] - Shutdown ignored - container is already stopped
2025-12-05 10:26:37.176 [SpringApplicationShutdownHook] INFO  o.s.a.r.l.SimpleMessageListenerContainer [node1:8080] - Shutdown ignored - container is already stopped
2025-12-05 10:26:37.181 [SpringApplicationShutdownHook] INFO  c.a.c.n.r.NacosServiceRegistry [node1:8080] - De-registering from Nacos Server now...
2025-12-05 10:26:37.251 [SpringApplicationShutdownHook] INFO  c.a.c.n.r.NacosServiceRegistry [node1:8080] - De-registration finished.
2025-12-05 10:26:37.998 [SpringApplicationShutdownHook] INFO  o.s.o.j.LocalContainerEntityManagerFactoryBean [node1:8080] - Closing JPA EntityManagerFactory for persistence unit 'default'
2025-12-05 10:26:38.044 [SpringApplicationShutdownHook] INFO  com.zaxxer.hikari.HikariDataSource [node1:8080] - HikariPool-1 - Shutdown initiated...
2025-12-05 10:26:38.068 [SpringApplicationShutdownHook] INFO  com.zaxxer.hikari.HikariDataSource [node1:8080] - HikariPool-1 - Shutdown completed.
2025-12-05 10:26:51.103 [main] INFO  com.example.demo.DemoApplication [node1:8080] - Starting DemoApplication using Java 11.0.11 on zhouwenwudeMacBook-Pro.local with PID 33155 (/Users/markchou/Documents/code-demo-pratice/application-demo/target/classes started by markchou in /Users/markchou/Documents/code-demo-pratice)
2025-12-05 10:26:51.108 [main] INFO  com.example.demo.DemoApplication [node1:8080] - The following 1 profile is active: "local-nacos"
2025-12-05 10:26:51.170 [main] INFO  c.a.c.n.c.NacosConfigDataLoader [node1:8080] - [Nacos Config] Load config[dataId=nacos-demo-service-local.properties, group=DEFAULT_GROUP] success
2025-12-05 10:26:52.206 [main] INFO  o.s.d.r.c.RepositoryConfigurationDelegate [node1:8080] - Multiple Spring Data modules found, entering strict repository configuration mode
2025-12-05 10:26:52.208 [main] INFO  o.s.d.r.c.RepositoryConfigurationDelegate [node1:8080] - Bootstrapping Spring Data Elasticsearch repositories in DEFAULT mode.
2025-12-05 10:26:52.221 [main] INFO  o.s.d.r.c.RepositoryConfigurationDelegate [node1:8080] - Finished Spring Data repository scanning in 8 ms. Found 0 Elasticsearch repository interfaces.
2025-12-05 10:26:52.403 [main] DEBUG org.apache.ibatis.logging.LogFactory [node1:8080] - Logging initialized using 'class org.apache.ibatis.logging.slf4j.Slf4jImpl' adapter.
2025-12-05 10:26:52.411 [main] DEBUG o.m.s.mapper.ClassPathMapperScanner [node1:8080] - Identified candidate component class: file [/Users/markchou/Documents/code-demo-pratice/application-demo/target/classes/com/example/demo/mapper/SysUserMapper.class]
2025-12-05 10:26:52.413 [main] DEBUG o.m.s.mapper.ClassPathMapperScanner [node1:8080] - Creating MapperFactoryBean with name 'sysUserMapper' and 'com.example.demo.mapper.SysUserMapper' mapperInterface
2025-12-05 10:26:52.414 [main] DEBUG o.m.s.mapper.ClassPathMapperScanner [node1:8080] - Enabling autowire by type for MapperFactoryBean with name 'sysUserMapper'.
2025-12-05 10:26:52.686 [main] INFO  o.s.d.r.c.RepositoryConfigurationDelegate [node1:8080] - Multiple Spring Data modules found, entering strict repository configuration mode
2025-12-05 10:26:52.687 [main] INFO  o.s.d.r.c.RepositoryConfigurationDelegate [node1:8080] - Bootstrapping Spring Data Elasticsearch repositories in DEFAULT mode.
2025-12-05 10:26:52.715 [main] INFO  o.s.d.r.c.RepositoryConfigurationExtensionSupport [node1:8080] - Spring Data Elasticsearch - Could not safely identify store assignment for repository candidate interface com.example.demo.repository.PayAccountGroupRepository; If you want this repository to be a Elasticsearch repository, consider annotating your entities with one of these annotations: org.springframework.data.elasticsearch.annotations.Document (preferred), or consider extending one of the following types with your repository: org.springframework.data.elasticsearch.repository.ElasticsearchRepository, org.springframework.data.elasticsearch.repository.ElasticsearchRepository
2025-12-05 10:26:52.749 [main] INFO  o.s.d.r.c.RepositoryConfigurationExtensionSupport [node1:8080] - Spring Data Elasticsearch - Could not safely identify store assignment for repository candidate interface com.example.demo.repository.UserRepository; If you want this repository to be a Elasticsearch repository, consider annotating your entities with one of these annotations: org.springframework.data.elasticsearch.annotations.Document (preferred), or consider extending one of the following types with your repository: org.springframework.data.elasticsearch.repository.ElasticsearchRepository, org.springframework.data.elasticsearch.repository.ElasticsearchRepository
2025-12-05 10:26:52.769 [main] INFO  o.s.d.r.c.RepositoryConfigurationDelegate [node1:8080] - Finished Spring Data repository scanning in 81 ms. Found 1 Elasticsearch repository interfaces.
2025-12-05 10:26:52.775 [main] INFO  o.s.d.r.c.RepositoryConfigurationDelegate [node1:8080] - Multiple Spring Data modules found, entering strict repository configuration mode
2025-12-05 10:26:52.775 [main] INFO  o.s.d.r.c.RepositoryConfigurationDelegate [node1:8080] - Bootstrapping Spring Data Reactive Elasticsearch repositories in DEFAULT mode.
2025-12-05 10:26:52.780 [main] INFO  o.s.d.r.c.RepositoryConfigurationExtensionSupport [node1:8080] - Spring Data Reactive Elasticsearch - Could not safely identify store assignment for repository candidate interface com.example.demo.repository.PayAccountGroupRepository; If you want this repository to be a Reactive Elasticsearch repository, consider annotating your entities with one of these annotations: org.springframework.data.elasticsearch.annotations.Document (preferred), or consider extending one of the following types with your repository: org.springframework.data.elasticsearch.repository.ReactiveElasticsearchRepository
2025-12-05 10:26:52.783 [main] INFO  o.s.d.r.c.RepositoryConfigurationExtensionSupport [node1:8080] - Spring Data Reactive Elasticsearch - Could not safely identify store assignment for repository candidate interface com.example.demo.repository.UserRepository; If you want this repository to be a Reactive Elasticsearch repository, consider annotating your entities with one of these annotations: org.springframework.data.elasticsearch.annotations.Document (preferred), or consider extending one of the following types with your repository: org.springframework.data.elasticsearch.repository.ReactiveElasticsearchRepository
2025-12-05 10:26:52.784 [main] INFO  o.s.d.r.c.RepositoryConfigurationDelegate [node1:8080] - Finished Spring Data repository scanning in 8 ms. Found 0 Reactive Elasticsearch repository interfaces.
2025-12-05 10:26:52.794 [main] INFO  o.s.d.r.c.RepositoryConfigurationDelegate [node1:8080] - Multiple Spring Data modules found, entering strict repository configuration mode
2025-12-05 10:26:52.794 [main] INFO  o.s.d.r.c.RepositoryConfigurationDelegate [node1:8080] - Bootstrapping Spring Data JPA repositories in DEFAULT mode.
2025-12-05 10:26:52.808 [main] INFO  o.s.d.r.c.RepositoryConfigurationExtensionSupport [node1:8080] - Spring Data JPA - Could not safely identify store assignment for repository candidate interface com.example.demo.repository.ProductRepository; If you want this repository to be a JPA repository, consider annotating your entities with one of these annotations: javax.persistence.Entity, javax.persistence.MappedSuperclass (preferred), or consider extending one of the following types with your repository: org.springframework.data.jpa.repository.JpaRepository
2025-12-05 10:26:52.810 [main] INFO  o.s.d.r.c.RepositoryConfigurationExtensionSupport [node1:8080] - Spring Data JPA - Could not safely identify store assignment for repository candidate interface com.example.demo.repository.UserRepository; If you want this repository to be a JPA repository, consider annotating your entities with one of these annotations: javax.persistence.Entity, javax.persistence.MappedSuperclass (preferred), or consider extending one of the following types with your repository: org.springframework.data.jpa.repository.JpaRepository
2025-12-05 10:26:52.817 [main] INFO  o.s.d.r.c.RepositoryConfigurationDelegate [node1:8080] - Finished Spring Data repository scanning in 17 ms. Found 1 JPA repository interfaces.
2025-12-05 10:26:52.843 [main] INFO  o.s.d.r.c.RepositoryConfigurationDelegate [node1:8080] - Multiple Spring Data modules found, entering strict repository configuration mode
2025-12-05 10:26:52.843 [main] INFO  o.s.d.r.c.RepositoryConfigurationDelegate [node1:8080] - Bootstrapping Spring Data MongoDB repositories in DEFAULT mode.
2025-12-05 10:26:52.848 [main] INFO  o.s.d.r.c.RepositoryConfigurationExtensionSupport [node1:8080] - Spring Data MongoDB - Could not safely identify store assignment for repository candidate interface com.example.demo.repository.PayAccountGroupRepository; If you want this repository to be a MongoDB repository, consider annotating your entities with one of these annotations: org.springframework.data.mongodb.core.mapping.Document (preferred), or consider extending one of the following types with your repository: org.springframework.data.mongodb.repository.MongoRepository
2025-12-05 10:26:52.849 [main] INFO  o.s.d.r.c.RepositoryConfigurationExtensionSupport [node1:8080] - Spring Data MongoDB - Could not safely identify store assignment for repository candidate interface com.example.demo.repository.ProductRepository; If you want this repository to be a MongoDB repository, consider annotating your entities with one of these annotations: org.springframework.data.mongodb.core.mapping.Document (preferred), or consider extending one of the following types with your repository: org.springframework.data.mongodb.repository.MongoRepository
2025-12-05 10:26:52.856 [main] INFO  o.s.d.r.c.RepositoryConfigurationDelegate [node1:8080] - Finished Spring Data repository scanning in 12 ms. Found 1 MongoDB repository interfaces.
2025-12-05 10:26:52.877 [main] INFO  o.s.d.r.c.RepositoryConfigurationDelegate [node1:8080] - Multiple Spring Data modules found, entering strict repository configuration mode
2025-12-05 10:26:52.879 [main] INFO  o.s.d.r.c.RepositoryConfigurationDelegate [node1:8080] - Bootstrapping Spring Data Redis repositories in DEFAULT mode.
2025-12-05 10:26:52.895 [main] INFO  o.s.d.r.c.RepositoryConfigurationExtensionSupport [node1:8080] - Spring Data Redis - Could not safely identify store assignment for repository candidate interface com.example.demo.repository.PayAccountGroupRepository; If you want this repository to be a Redis repository, consider annotating your entities with one of these annotations: org.springframework.data.redis.core.RedisHash (preferred), or consider extending one of the following types with your repository: org.springframework.data.keyvalue.repository.KeyValueRepository
2025-12-05 10:26:52.896 [main] INFO  o.s.d.r.c.RepositoryConfigurationExtensionSupport [node1:8080] - Spring Data Redis - Could not safely identify store assignment for repository candidate interface com.example.demo.repository.ProductRepository; If you want this repository to be a Redis repository, consider annotating your entities with one of these annotations: org.springframework.data.redis.core.RedisHash (preferred), or consider extending one of the following types with your repository: org.springframework.data.keyvalue.repository.KeyValueRepository
2025-12-05 10:26:52.896 [main] INFO  o.s.d.r.c.RepositoryConfigurationExtensionSupport [node1:8080] - Spring Data Redis - Could not safely identify store assignment for repository candidate interface com.example.demo.repository.UserRepository; If you want this repository to be a Redis repository, consider annotating your entities with one of these annotations: org.springframework.data.redis.core.RedisHash (preferred), or consider extending one of the following types with your repository: org.springframework.data.keyvalue.repository.KeyValueRepository
2025-12-05 10:26:52.897 [main] INFO  o.s.d.r.c.RepositoryConfigurationDelegate [node1:8080] - Finished Spring Data repository scanning in 7 ms. Found 0 Redis repository interfaces.
2025-12-05 10:26:53.246 [main] INFO  o.s.cloud.context.scope.GenericScope [node1:8080] - BeanFactory id=2a288a3e-5a6e-38ae-934c-8e4b44021ec2
2025-12-05 10:26:54.214 [main] INFO  o.s.b.w.e.tomcat.TomcatWebServer [node1:8080] - Tomcat initialized with port(s): 8080 (http)
2025-12-05 10:26:54.227 [main] INFO  o.a.catalina.core.StandardService [node1:8080] - Starting service [Tomcat]
2025-12-05 10:26:54.228 [main] INFO  o.a.catalina.core.StandardEngine [node1:8080] - Starting Servlet engine: [Apache Tomcat/9.0.68]
2025-12-05 10:26:54.446 [main] INFO  o.a.c.c.C.[Tomcat].[localhost].[/] [node1:8080] - Initializing Spring embedded WebApplicationContext
2025-12-05 10:26:54.446 [main] INFO  o.s.b.w.s.c.ServletWebServerApplicationContext [node1:8080] - Root WebApplicationContext: initialization completed in 3274 ms
2025-12-05 10:26:55.292 [main] INFO  com.zaxxer.hikari.HikariDataSource [node1:8080] - HikariPool-1 - Starting...
2025-12-05 10:26:55.583 [main] INFO  com.zaxxer.hikari.HikariDataSource [node1:8080] - HikariPool-1 - Start completed.
2025-12-05 10:26:56.747 [main] INFO  o.s.o.j.LocalContainerEntityManagerFactoryBean [node1:8080] - Initialized JPA EntityManagerFactory for persistence unit 'default'
2025-12-05 10:26:57.277 [main] DEBUG o.m.spring.SqlSessionFactoryBean [node1:8080] - Property 'mapperLocations' was not specified or no matching resources found
2025-12-05 10:26:58.717 [main] WARN  o.s.data.convert.CustomConversions [node1:8080] - Registering converter from class java.time.LocalDateTime to class org.joda.time.LocalDateTime as reading converter although it doesn't convert from a store-supported type; You might want to check your annotation setup at the converter implementation
2025-12-05 10:26:58.839 [main] WARN  o.s.data.convert.CustomConversions [node1:8080] - Registering converter from class java.time.LocalDateTime to class org.joda.time.LocalDateTime as reading converter although it doesn't convert from a store-supported type; You might want to check your annotation setup at the converter implementation
2025-12-05 10:26:59.982 [main] WARN  org.elasticsearch.client.RestClient [node1:8080] - request [HEAD http://localhost:9200/products?ignore_throttled=false&ignore_unavailable=false&expand_wildcards=open%2Cclosed&allow_no_indices=false] returned 1 warnings: [299 Elasticsearch-7.17.0-bee86328705acaa9a6daede7140defd4d9ec56bd "[ignore_throttled] parameter is deprecated because frozen indices have been deprecated. Consider cold or frozen tiers in place of frozen indices."]
2025-12-05 10:27:00.280 [main] WARN  o.s.b.a.o.j.JpaBaseConfiguration$JpaWebConfiguration [node1:8080] - spring.jpa.open-in-view is enabled by default. Therefore, database queries may be performed during view rendering. Explicitly configure spring.jpa.open-in-view to disable this warning
2025-12-05 10:27:00.645 [main] INFO  c.a.c.s.SentinelWebMvcConfigurer [node1:8080] - [Sentinel Starter] register SentinelWebInterceptor with urlPatterns: [/**].
2025-12-05 10:27:02.841 [main] INFO  o.s.b.w.e.tomcat.TomcatWebServer [node1:8080] - Tomcat started on port(s): 8080 (http) with context path ''
2025-12-05 10:27:02.865 [main] INFO  c.a.n.p.a.s.c.ClientAuthPluginManager [node1:8080] - [ClientAuthPluginManager] Load ClientAuthService com.alibaba.nacos.client.auth.impl.NacosClientAuthServiceImpl success.
2025-12-05 10:27:02.865 [main] INFO  c.a.n.p.a.s.c.ClientAuthPluginManager [node1:8080] - [ClientAuthPluginManager] Load ClientAuthService com.alibaba.nacos.client.auth.ram.RamClientAuthServiceImpl success.
2025-12-05 10:27:03.030 [main] INFO  c.a.c.n.r.NacosServiceRegistry [node1:8080] - nacos registry, DEFAULT_GROUP nacos-demo-service 192.168.31.227:8080 register finished
2025-12-05 10:27:03.035 [main] INFO  o.s.a.r.c.CachingConnectionFactory [node1:8080] - Attempting to connect to: [localhost:5672, localhost:5673]
2025-12-05 10:27:03.198 [main] INFO  o.s.a.r.c.CachingConnectionFactory [node1:8080] - Created new connection: rabbitConnectionFactory#3a72b2c9:0/SimpleConnection@5aa2168f [delegate=amqp://rabbit@127.0.0.1:5672/, localPort= 53924]
2025-12-05 10:27:03.544 [main] INFO  com.example.demo.DemoApplication [node1:8080] - Started DemoApplication in 16.031 seconds (JVM running for 17.507)
2025-12-05 10:27:03.578 [main] INFO  c.a.c.n.r.NacosContextRefresher [node1:8080] - [Nacos Config] Listening config: dataId=nacos-demo-service-local.properties, group=DEFAULT_GROUP
2025-12-05 10:27:03.580 [main] INFO  com.example.demo.DemoApplication [node1:8080] - 应用启动完成，开始测试日志输出
2025-12-05 10:27:22.267 [Thread-6] WARN  c.a.nacos.common.notify.NotifyCenter [node1:8080] - [NotifyCenter] Start destroying Publisher
2025-12-05 10:27:22.267 [Thread-1] WARN  c.a.n.c.http.HttpClientBeanHolder [node1:8080] - [HttpClientBeanHolder] Start destroying common HttpClient
2025-12-05 10:27:22.269 [Thread-6] WARN  c.a.nacos.common.notify.NotifyCenter [node1:8080] - [NotifyCenter] Destruction of the end
2025-12-05 10:27:22.269 [Thread-1] WARN  c.a.n.c.http.HttpClientBeanHolder [node1:8080] - [HttpClientBeanHolder] Destruction of the end
2025-12-05 10:27:22.293 [org.springframework.amqp.rabbit.RabbitListenerEndpointContainer#0-2] INFO  o.s.a.r.l.SimpleMessageListenerContainer [node1:8080] - Waiting for workers to finish.
2025-12-05 10:27:22.298 [org.springframework.amqp.rabbit.RabbitListenerEndpointContainer#1-2] INFO  o.s.a.r.l.SimpleMessageListenerContainer [node1:8080] - Waiting for workers to finish.
2025-12-05 10:27:22.319 [org.springframework.amqp.rabbit.RabbitListenerEndpointContainer#2-2] INFO  o.s.a.r.l.SimpleMessageListenerContainer [node1:8080] - Waiting for workers to finish.
2025-12-05 10:27:22.332 [org.springframework.amqp.rabbit.RabbitListenerEndpointContainer#3-2] INFO  o.s.a.r.l.SimpleMessageListenerContainer [node1:8080] - Waiting for workers to finish.
2025-12-05 10:27:22.477 [org.springframework.amqp.rabbit.RabbitListenerEndpointContainer#0-2] INFO  o.s.a.r.l.SimpleMessageListenerContainer [node1:8080] - Successfully waited for workers to finish.
2025-12-05 10:27:22.509 [org.springframework.amqp.rabbit.RabbitListenerEndpointContainer#1-2] INFO  o.s.a.r.l.SimpleMessageListenerContainer [node1:8080] - Successfully waited for workers to finish.
2025-12-05 10:27:22.541 [org.springframework.amqp.rabbit.RabbitListenerEndpointContainer#2-2] INFO  o.s.a.r.l.SimpleMessageListenerContainer [node1:8080] - Successfully waited for workers to finish.
2025-12-05 10:27:22.544 [org.springframework.amqp.rabbit.RabbitListenerEndpointContainer#3-2] INFO  o.s.a.r.l.SimpleMessageListenerContainer [node1:8080] - Successfully waited for workers to finish.
2025-12-05 10:27:22.570 [SpringApplicationShutdownHook] INFO  o.s.a.r.l.SimpleMessageListenerContainer [node1:8080] - Shutdown ignored - container is already stopped
2025-12-05 10:27:22.571 [SpringApplicationShutdownHook] INFO  o.s.a.r.l.SimpleMessageListenerContainer [node1:8080] - Shutdown ignored - container is already stopped
2025-12-05 10:27:22.571 [SpringApplicationShutdownHook] INFO  o.s.a.r.l.SimpleMessageListenerContainer [node1:8080] - Shutdown ignored - container is already stopped
2025-12-05 10:27:22.571 [SpringApplicationShutdownHook] INFO  o.s.a.r.l.SimpleMessageListenerContainer [node1:8080] - Shutdown ignored - container is already stopped
2025-12-05 10:27:22.571 [SpringApplicationShutdownHook] INFO  c.a.c.n.r.NacosServiceRegistry [node1:8080] - De-registering from Nacos Server now...
2025-12-05 10:27:22.593 [SpringApplicationShutdownHook] INFO  c.a.c.n.r.NacosServiceRegistry [node1:8080] - De-registration finished.
2025-12-05 10:27:22.713 [SpringApplicationShutdownHook] INFO  o.s.o.j.LocalContainerEntityManagerFactoryBean [node1:8080] - Closing JPA EntityManagerFactory for persistence unit 'default'
2025-12-05 10:27:22.719 [SpringApplicationShutdownHook] INFO  com.zaxxer.hikari.HikariDataSource [node1:8080] - HikariPool-1 - Shutdown initiated...
2025-12-05 10:27:22.728 [SpringApplicationShutdownHook] INFO  com.zaxxer.hikari.HikariDataSource [node1:8080] - HikariPool-1 - Shutdown completed.
2025-12-05 10:27:30.089 [main] INFO  com.example.demo.DemoApplication [node1:8080] - Starting DemoApplication using Java 11.0.11 on zhouwenwudeMacBook-Pro.local with PID 33166 (/Users/markchou/Documents/code-demo-pratice/application-demo/target/classes started by markchou in /Users/markchou/Documents/code-demo-pratice)
2025-12-05 10:27:30.092 [main] INFO  com.example.demo.DemoApplication [node1:8080] - The following 1 profile is active: "local-nacos"
2025-12-05 10:27:30.140 [main] INFO  c.a.c.n.c.NacosConfigDataLoader [node1:8080] - [Nacos Config] Load config[dataId=nacos-demo-service-local.properties, group=DEFAULT_GROUP] success
2025-12-05 10:27:31.040 [main] INFO  o.s.d.r.c.RepositoryConfigurationDelegate [node1:8080] - Multiple Spring Data modules found, entering strict repository configuration mode
2025-12-05 10:27:31.041 [main] INFO  o.s.d.r.c.RepositoryConfigurationDelegate [node1:8080] - Bootstrapping Spring Data Elasticsearch repositories in DEFAULT mode.
2025-12-05 10:27:31.055 [main] INFO  o.s.d.r.c.RepositoryConfigurationDelegate [node1:8080] - Finished Spring Data repository scanning in 9 ms. Found 0 Elasticsearch repository interfaces.
2025-12-05 10:27:31.276 [main] DEBUG org.apache.ibatis.logging.LogFactory [node1:8080] - Logging initialized using 'class org.apache.ibatis.logging.slf4j.Slf4jImpl' adapter.
2025-12-05 10:27:31.285 [main] DEBUG o.m.s.mapper.ClassPathMapperScanner [node1:8080] - Identified candidate component class: file [/Users/markchou/Documents/code-demo-pratice/application-demo/target/classes/com/example/demo/mapper/SysUserMapper.class]
2025-12-05 10:27:31.286 [main] DEBUG o.m.s.mapper.ClassPathMapperScanner [node1:8080] - Creating MapperFactoryBean with name 'sysUserMapper' and 'com.example.demo.mapper.SysUserMapper' mapperInterface
2025-12-05 10:27:31.288 [main] DEBUG o.m.s.mapper.ClassPathMapperScanner [node1:8080] - Enabling autowire by type for MapperFactoryBean with name 'sysUserMapper'.
2025-12-05 10:27:31.486 [main] INFO  o.s.d.r.c.RepositoryConfigurationDelegate [node1:8080] - Multiple Spring Data modules found, entering strict repository configuration mode
2025-12-05 10:27:31.487 [main] INFO  o.s.d.r.c.RepositoryConfigurationDelegate [node1:8080] - Bootstrapping Spring Data Elasticsearch repositories in DEFAULT mode.
2025-12-05 10:27:31.513 [main] INFO  o.s.d.r.c.RepositoryConfigurationExtensionSupport [node1:8080] - Spring Data Elasticsearch - Could not safely identify store assignment for repository candidate interface com.example.demo.repository.PayAccountGroupRepository; If you want this repository to be a Elasticsearch repository, consider annotating your entities with one of these annotations: org.springframework.data.elasticsearch.annotations.Document (preferred), or consider extending one of the following types with your repository: org.springframework.data.elasticsearch.repository.ElasticsearchRepository, org.springframework.data.elasticsearch.repository.ElasticsearchRepository
2025-12-05 10:27:31.547 [main] INFO  o.s.d.r.c.RepositoryConfigurationExtensionSupport [node1:8080] - Spring Data Elasticsearch - Could not safely identify store assignment for repository candidate interface com.example.demo.repository.UserRepository; If you want this repository to be a Elasticsearch repository, consider annotating your entities with one of these annotations: org.springframework.data.elasticsearch.annotations.Document (preferred), or consider extending one of the following types with your repository: org.springframework.data.elasticsearch.repository.ElasticsearchRepository, org.springframework.data.elasticsearch.repository.ElasticsearchRepository
2025-12-05 10:27:31.564 [main] INFO  o.s.d.r.c.RepositoryConfigurationDelegate [node1:8080] - Finished Spring Data repository scanning in 77 ms. Found 1 Elasticsearch repository interfaces.
2025-12-05 10:27:31.571 [main] INFO  o.s.d.r.c.RepositoryConfigurationDelegate [node1:8080] - Multiple Spring Data modules found, entering strict repository configuration mode
2025-12-05 10:27:31.571 [main] INFO  o.s.d.r.c.RepositoryConfigurationDelegate [node1:8080] - Bootstrapping Spring Data Reactive Elasticsearch repositories in DEFAULT mode.
2025-12-05 10:27:31.575 [main] INFO  o.s.d.r.c.RepositoryConfigurationExtensionSupport [node1:8080] - Spring Data Reactive Elasticsearch - Could not safely identify store assignment for repository candidate interface com.example.demo.repository.PayAccountGroupRepository; If you want this repository to be a Reactive Elasticsearch repository, consider annotating your entities with one of these annotations: org.springframework.data.elasticsearch.annotations.Document (preferred), or consider extending one of the following types with your repository: org.springframework.data.elasticsearch.repository.ReactiveElasticsearchRepository
2025-12-05 10:27:31.578 [main] INFO  o.s.d.r.c.RepositoryConfigurationExtensionSupport [node1:8080] - Spring Data Reactive Elasticsearch - Could not safely identify store assignment for repository candidate interface com.example.demo.repository.UserRepository; If you want this repository to be a Reactive Elasticsearch repository, consider annotating your entities with one of these annotations: org.springframework.data.elasticsearch.annotations.Document (preferred), or consider extending one of the following types with your repository: org.springframework.data.elasticsearch.repository.ReactiveElasticsearchRepository
2025-12-05 10:27:31.578 [main] INFO  o.s.d.r.c.RepositoryConfigurationDelegate [node1:8080] - Finished Spring Data repository scanning in 6 ms. Found 0 Reactive Elasticsearch repository interfaces.
2025-12-05 10:27:31.587 [main] INFO  o.s.d.r.c.RepositoryConfigurationDelegate [node1:8080] - Multiple Spring Data modules found, entering strict repository configuration mode
2025-12-05 10:27:31.587 [main] INFO  o.s.d.r.c.RepositoryConfigurationDelegate [node1:8080] - Bootstrapping Spring Data JPA repositories in DEFAULT mode.
2025-12-05 10:27:31.600 [main] INFO  o.s.d.r.c.RepositoryConfigurationExtensionSupport [node1:8080] - Spring Data JPA - Could not safely identify store assignment for repository candidate interface com.example.demo.repository.ProductRepository; If you want this repository to be a JPA repository, consider annotating your entities with one of these annotations: javax.persistence.Entity, javax.persistence.MappedSuperclass (preferred), or consider extending one of the following types with your repository: org.springframework.data.jpa.repository.JpaRepository
2025-12-05 10:27:31.602 [main] INFO  o.s.d.r.c.RepositoryConfigurationExtensionSupport [node1:8080] - Spring Data JPA - Could not safely identify store assignment for repository candidate interface com.example.demo.repository.UserRepository; If you want this repository to be a JPA repository, consider annotating your entities with one of these annotations: javax.persistence.Entity, javax.persistence.MappedSuperclass (preferred), or consider extending one of the following types with your repository: org.springframework.data.jpa.repository.JpaRepository
2025-12-05 10:27:31.608 [main] INFO  o.s.d.r.c.RepositoryConfigurationDelegate [node1:8080] - Finished Spring Data repository scanning in 17 ms. Found 1 JPA repository interfaces.
2025-12-05 10:27:31.631 [main] INFO  o.s.d.r.c.RepositoryConfigurationDelegate [node1:8080] - Multiple Spring Data modules found, entering strict repository configuration mode
2025-12-05 10:27:31.631 [main] INFO  o.s.d.r.c.RepositoryConfigurationDelegate [node1:8080] - Bootstrapping Spring Data MongoDB repositories in DEFAULT mode.
2025-12-05 10:27:31.636 [main] INFO  o.s.d.r.c.RepositoryConfigurationExtensionSupport [node1:8080] - Spring Data MongoDB - Could not safely identify store assignment for repository candidate interface com.example.demo.repository.PayAccountGroupRepository; If you want this repository to be a MongoDB repository, consider annotating your entities with one of these annotations: org.springframework.data.mongodb.core.mapping.Document (preferred), or consider extending one of the following types with your repository: org.springframework.data.mongodb.repository.MongoRepository
2025-12-05 10:27:31.637 [main] INFO  o.s.d.r.c.RepositoryConfigurationExtensionSupport [node1:8080] - Spring Data MongoDB - Could not safely identify store assignment for repository candidate interface com.example.demo.repository.ProductRepository; If you want this repository to be a MongoDB repository, consider annotating your entities with one of these annotations: org.springframework.data.mongodb.core.mapping.Document (preferred), or consider extending one of the following types with your repository: org.springframework.data.mongodb.repository.MongoRepository
2025-12-05 10:27:31.641 [main] INFO  o.s.d.r.c.RepositoryConfigurationDelegate [node1:8080] - Finished Spring Data repository scanning in 9 ms. Found 1 MongoDB repository interfaces.
2025-12-05 10:27:31.659 [main] INFO  o.s.d.r.c.RepositoryConfigurationDelegate [node1:8080] - Multiple Spring Data modules found, entering strict repository configuration mode
2025-12-05 10:27:31.661 [main] INFO  o.s.d.r.c.RepositoryConfigurationDelegate [node1:8080] - Bootstrapping Spring Data Redis repositories in DEFAULT mode.
2025-12-05 10:27:31.673 [main] INFO  o.s.d.r.c.RepositoryConfigurationExtensionSupport [node1:8080] - Spring Data Redis - Could not safely identify store assignment for repository candidate interface com.example.demo.repository.PayAccountGroupRepository; If you want this repository to be a Redis repository, consider annotating your entities with one of these annotations: org.springframework.data.redis.core.RedisHash (preferred), or consider extending one of the following types with your repository: org.springframework.data.keyvalue.repository.KeyValueRepository
2025-12-05 10:27:31.674 [main] INFO  o.s.d.r.c.RepositoryConfigurationExtensionSupport [node1:8080] - Spring Data Redis - Could not safely identify store assignment for repository candidate interface com.example.demo.repository.ProductRepository; If you want this repository to be a Redis repository, consider annotating your entities with one of these annotations: org.springframework.data.redis.core.RedisHash (preferred), or consider extending one of the following types with your repository: org.springframework.data.keyvalue.repository.KeyValueRepository
2025-12-05 10:27:31.674 [main] INFO  o.s.d.r.c.RepositoryConfigurationExtensionSupport [node1:8080] - Spring Data Redis - Could not safely identify store assignment for repository candidate interface com.example.demo.repository.UserRepository; If you want this repository to be a Redis repository, consider annotating your entities with one of these annotations: org.springframework.data.redis.core.RedisHash (preferred), or consider extending one of the following types with your repository: org.springframework.data.keyvalue.repository.KeyValueRepository
2025-12-05 10:27:31.674 [main] INFO  o.s.d.r.c.RepositoryConfigurationDelegate [node1:8080] - Finished Spring Data repository scanning in 6 ms. Found 0 Redis repository interfaces.
2025-12-05 10:27:31.948 [main] INFO  o.s.cloud.context.scope.GenericScope [node1:8080] - BeanFactory id=2a288a3e-5a6e-38ae-934c-8e4b44021ec2
2025-12-05 10:27:32.901 [main] INFO  o.s.b.w.e.tomcat.TomcatWebServer [node1:8080] - Tomcat initialized with port(s): 8080 (http)
2025-12-05 10:27:32.916 [main] INFO  o.a.catalina.core.StandardService [node1:8080] - Starting service [Tomcat]
2025-12-05 10:27:32.917 [main] INFO  o.a.catalina.core.StandardEngine [node1:8080] - Starting Servlet engine: [Apache Tomcat/9.0.68]
2025-12-05 10:27:33.137 [main] INFO  o.a.c.c.C.[Tomcat].[localhost].[/] [node1:8080] - Initializing Spring embedded WebApplicationContext
2025-12-05 10:27:33.138 [main] INFO  o.s.b.w.s.c.ServletWebServerApplicationContext [node1:8080] - Root WebApplicationContext: initialization completed in 2996 ms
2025-12-05 10:27:33.832 [main] INFO  com.zaxxer.hikari.HikariDataSource [node1:8080] - HikariPool-1 - Starting...
2025-12-05 10:27:34.039 [main] INFO  com.zaxxer.hikari.HikariDataSource [node1:8080] - HikariPool-1 - Start completed.
2025-12-05 10:27:34.993 [main] INFO  o.s.o.j.LocalContainerEntityManagerFactoryBean [node1:8080] - Initialized JPA EntityManagerFactory for persistence unit 'default'
2025-12-05 10:27:35.505 [main] DEBUG o.m.spring.SqlSessionFactoryBean [node1:8080] - Property 'mapperLocations' was not specified or no matching resources found
2025-12-05 10:27:36.917 [main] WARN  o.s.data.convert.CustomConversions [node1:8080] - Registering converter from class java.time.LocalDateTime to class org.joda.time.LocalDateTime as reading converter although it doesn't convert from a store-supported type; You might want to check your annotation setup at the converter implementation
2025-12-05 10:27:37.044 [main] WARN  o.s.data.convert.CustomConversions [node1:8080] - Registering converter from class java.time.LocalDateTime to class org.joda.time.LocalDateTime as reading converter although it doesn't convert from a store-supported type; You might want to check your annotation setup at the converter implementation
2025-12-05 10:27:38.064 [main] WARN  org.elasticsearch.client.RestClient [node1:8080] - request [HEAD http://localhost:9200/products?ignore_throttled=false&ignore_unavailable=false&expand_wildcards=open%2Cclosed&allow_no_indices=false] returned 1 warnings: [299 Elasticsearch-7.17.0-bee86328705acaa9a6daede7140defd4d9ec56bd "[ignore_throttled] parameter is deprecated because frozen indices have been deprecated. Consider cold or frozen tiers in place of frozen indices."]
2025-12-05 10:27:38.409 [main] WARN  o.s.b.a.o.j.JpaBaseConfiguration$JpaWebConfiguration [node1:8080] - spring.jpa.open-in-view is enabled by default. Therefore, database queries may be performed during view rendering. Explicitly configure spring.jpa.open-in-view to disable this warning
2025-12-05 10:27:38.813 [main] INFO  c.a.c.s.SentinelWebMvcConfigurer [node1:8080] - [Sentinel Starter] register SentinelWebInterceptor with urlPatterns: [/**].
2025-12-05 10:27:40.959 [main] INFO  o.s.b.w.e.tomcat.TomcatWebServer [node1:8080] - Tomcat started on port(s): 8080 (http) with context path ''
2025-12-05 10:27:40.982 [main] INFO  c.a.n.p.a.s.c.ClientAuthPluginManager [node1:8080] - [ClientAuthPluginManager] Load ClientAuthService com.alibaba.nacos.client.auth.impl.NacosClientAuthServiceImpl success.
2025-12-05 10:27:40.982 [main] INFO  c.a.n.p.a.s.c.ClientAuthPluginManager [node1:8080] - [ClientAuthPluginManager] Load ClientAuthService com.alibaba.nacos.client.auth.ram.RamClientAuthServiceImpl success.
2025-12-05 10:27:41.175 [main] INFO  c.a.c.n.r.NacosServiceRegistry [node1:8080] - nacos registry, DEFAULT_GROUP nacos-demo-service 192.168.31.227:8080 register finished
2025-12-05 10:27:41.185 [main] INFO  o.s.a.r.c.CachingConnectionFactory [node1:8080] - Attempting to connect to: [localhost:5672]
2025-12-05 10:27:41.236 [main] INFO  o.s.a.r.c.CachingConnectionFactory [node1:8080] - Created new connection: rabbitConnectionFactory#10fa270e:0/SimpleConnection@5ae50044 [delegate=amqp://rabbit@127.0.0.1:5672/, localPort= 57754]
2025-12-05 10:27:41.526 [main] INFO  com.example.demo.DemoApplication [node1:8080] - Started DemoApplication in 14.085 seconds (JVM running for 15.408)
2025-12-05 10:27:41.551 [main] INFO  c.a.c.n.r.NacosContextRefresher [node1:8080] - [Nacos Config] Listening config: dataId=nacos-demo-service-local.properties, group=DEFAULT_GROUP
2025-12-05 10:27:41.552 [main] INFO  com.example.demo.DemoApplication [node1:8080] - 应用启动完成，开始测试日志输出
2025-12-05 10:59:03.748 [HikariPool-1 housekeeper] WARN  com.zaxxer.hikari.pool.HikariPool [node1:8080] - HikariPool-1 - Retrograde clock change detected (housekeeper delta=29s497ms), soft-evicting connections from pool.
2025-12-05 11:01:24.729 [http-nio-8080-exec-1] INFO  o.a.c.c.C.[Tomcat].[localhost].[/] [node1:8080] - Initializing Spring DispatcherServlet 'dispatcherServlet'
2025-12-05 11:01:24.732 [http-nio-8080-exec-1] INFO  o.s.web.servlet.DispatcherServlet [node1:8080] - Initializing Servlet 'dispatcherServlet'
2025-12-05 11:01:24.959 [http-nio-8080-exec-1] INFO  o.s.web.servlet.DispatcherServlet [node1:8080] - Completed initialization in 225 ms
2025-12-05 11:01:25.904 [http-nio-8080-exec-1] INFO  c.example.demo.aop.WebControllerAOP [node1:8080] - host: localhost:8080
2025-12-05 11:01:25.904 [http-nio-8080-exec-1] INFO  c.example.demo.aop.WebControllerAOP [node1:8080] - connection: keep-alive
2025-12-05 11:01:25.904 [http-nio-8080-exec-1] INFO  c.example.demo.aop.WebControllerAOP [node1:8080] - sec-ch-ua-platform: "macOS"
2025-12-05 11:01:25.904 [http-nio-8080-exec-1] INFO  c.example.demo.aop.WebControllerAOP [node1:8080] - user-agent: Mozilla/5.0 (Macintosh; Intel Mac OS X 10_15_7) AppleWebKit/537.36 (KHTML, like Gecko) Chrome/142.0.0.0 Safari/537.36
2025-12-05 11:01:25.904 [http-nio-8080-exec-1] INFO  c.example.demo.aop.WebControllerAOP [node1:8080] - accept: */*
2025-12-05 11:01:25.904 [http-nio-8080-exec-1] INFO  c.example.demo.aop.WebControllerAOP [node1:8080] - sec-ch-ua: "Chromium";v="142", "Google Chrome";v="142", "Not_A Brand";v="99"
2025-12-05 11:01:25.904 [http-nio-8080-exec-1] INFO  c.example.demo.aop.WebControllerAOP [node1:8080] - sec-ch-ua-mobile: ?0
2025-12-05 11:01:25.905 [http-nio-8080-exec-1] INFO  c.example.demo.aop.WebControllerAOP [node1:8080] - sec-fetch-site: same-origin
2025-12-05 11:01:25.905 [http-nio-8080-exec-1] INFO  c.example.demo.aop.WebControllerAOP [node1:8080] - sec-fetch-mode: cors
2025-12-05 11:01:25.905 [http-nio-8080-exec-1] INFO  c.example.demo.aop.WebControllerAOP [node1:8080] - sec-fetch-dest: empty
2025-12-05 11:01:25.905 [http-nio-8080-exec-1] INFO  c.example.demo.aop.WebControllerAOP [node1:8080] - referer: http://localhost:8080/swagger-ui/index.html?urls.primaryName=product
2025-12-05 11:01:25.905 [http-nio-8080-exec-1] INFO  c.example.demo.aop.WebControllerAOP [node1:8080] - accept-encoding: gzip, deflate, br, zstd
2025-12-05 11:01:25.905 [http-nio-8080-exec-1] INFO  c.example.demo.aop.WebControllerAOP [node1:8080] - accept-language: zh-CN,zh;q=0.9,en;q=0.8
2025-12-05 11:01:25.905 [http-nio-8080-exec-1] INFO  c.example.demo.aop.WebControllerAOP [node1:8080] - cookie: sentinel_dashboard_cookie=C0E24FCC143A91EFF7F33120D8AF5F83
2025-12-05 11:01:25.905 [http-nio-8080-exec-1] INFO  c.example.demo.aop.WebControllerAOP [node1:8080] - [请求开始] ID: c2b6ed9d
2025-12-05 11:01:25.906 [http-nio-8080-exec-1] INFO  c.example.demo.aop.WebControllerAOP [node1:8080] - 请求路径: /api/users/complex
2025-12-05 11:01:25.906 [http-nio-8080-exec-1] INFO  c.example.demo.aop.WebControllerAOP [node1:8080] - 客户端IP: 0:0:0:0:0:0:0:1
2025-12-05 11:01:25.906 [http-nio-8080-exec-1] INFO  c.example.demo.aop.WebControllerAOP [node1:8080] - 方法: MongoUserController.findComplexUsers
2025-12-05 11:01:26.074 [http-nio-8080-exec-1] INFO  c.example.demo.aop.WebControllerAOP [node1:8080] - 参数: {"name":["zhou"],"age":["4"]}
2025-12-05 11:01:44.300 [Thread-6] WARN  c.a.nacos.common.notify.NotifyCenter [node1:8080] - [NotifyCenter] Start destroying Publisher
2025-12-05 11:01:44.300 [Thread-1] WARN  c.a.n.c.http.HttpClientBeanHolder [node1:8080] - [HttpClientBeanHolder] Start destroying common HttpClient
2025-12-05 11:01:44.314 [Thread-6] WARN  c.a.nacos.common.notify.NotifyCenter [node1:8080] - [NotifyCenter] Destruction of the end
2025-12-05 11:01:44.323 [Thread-1] WARN  c.a.n.c.http.HttpClientBeanHolder [node1:8080] - [HttpClientBeanHolder] Destruction of the end
2025-12-05 11:01:44.532 [org.springframework.amqp.rabbit.RabbitListenerEndpointContainer#0-2] INFO  o.s.a.r.l.SimpleMessageListenerContainer [node1:8080] - Waiting for workers to finish.
2025-12-05 11:01:44.545 [org.springframework.amqp.rabbit.RabbitListenerEndpointContainer#1-2] INFO  o.s.a.r.l.SimpleMessageListenerContainer [node1:8080] - Waiting for workers to finish.
2025-12-05 11:01:44.558 [org.springframework.amqp.rabbit.RabbitListenerEndpointContainer#2-2] INFO  o.s.a.r.l.SimpleMessageListenerContainer [node1:8080] - Waiting for workers to finish.
2025-12-05 11:01:44.567 [org.springframework.amqp.rabbit.RabbitListenerEndpointContainer#3-2] INFO  o.s.a.r.l.SimpleMessageListenerContainer [node1:8080] - Waiting for workers to finish.
2025-12-05 11:01:44.731 [org.springframework.amqp.rabbit.RabbitListenerEndpointContainer#0-2] INFO  o.s.a.r.l.SimpleMessageListenerContainer [node1:8080] - Successfully waited for workers to finish.
2025-12-05 11:01:44.731 [org.springframework.amqp.rabbit.RabbitListenerEndpointContainer#1-2] INFO  o.s.a.r.l.SimpleMessageListenerContainer [node1:8080] - Successfully waited for workers to finish.
2025-12-05 11:01:45.538 [org.springframework.amqp.rabbit.RabbitListenerEndpointContainer#2-2] INFO  o.s.a.r.l.SimpleMessageListenerContainer [node1:8080] - Successfully waited for workers to finish.
2025-12-05 11:01:45.543 [org.springframework.amqp.rabbit.RabbitListenerEndpointContainer#3-2] INFO  o.s.a.r.l.SimpleMessageListenerContainer [node1:8080] - Successfully waited for workers to finish.
2025-12-05 11:01:47.960 [SpringApplicationShutdownHook] INFO  o.s.a.r.l.SimpleMessageListenerContainer [node1:8080] - Shutdown ignored - container is already stopped
2025-12-05 11:01:47.961 [SpringApplicationShutdownHook] INFO  o.s.a.r.l.SimpleMessageListenerContainer [node1:8080] - Shutdown ignored - container is already stopped
2025-12-05 11:01:47.961 [SpringApplicationShutdownHook] INFO  o.s.a.r.l.SimpleMessageListenerContainer [node1:8080] - Shutdown ignored - container is already stopped
2025-12-05 11:01:47.961 [SpringApplicationShutdownHook] INFO  o.s.a.r.l.SimpleMessageListenerContainer [node1:8080] - Shutdown ignored - container is already stopped
2025-12-05 11:01:47.975 [SpringApplicationShutdownHook] INFO  c.a.c.n.r.NacosServiceRegistry [node1:8080] - De-registering from Nacos Server now...
2025-12-05 11:01:48.093 [SpringApplicationShutdownHook] INFO  c.a.c.n.r.NacosServiceRegistry [node1:8080] - De-registration finished.
2025-12-05 11:01:48.422 [SpringApplicationShutdownHook] INFO  o.s.o.j.LocalContainerEntityManagerFactoryBean [node1:8080] - Closing JPA EntityManagerFactory for persistence unit 'default'
2025-12-05 11:01:48.466 [SpringApplicationShutdownHook] INFO  com.zaxxer.hikari.HikariDataSource [node1:8080] - HikariPool-1 - Shutdown initiated...
2025-12-05 11:01:48.475 [SpringApplicationShutdownHook] INFO  com.zaxxer.hikari.HikariDataSource [node1:8080] - HikariPool-1 - Shutdown completed.
2025-12-05 11:02:00.673 [main] INFO  com.example.demo.DemoApplication [node1:8080] - Starting DemoApplication using Java 11.0.11 on zhouwenwudeMacBook-Pro.local with PID 34241 (/Users/markchou/Documents/code-demo-pratice/application-demo/target/classes started by markchou in /Users/markchou/Documents/code-demo-pratice)
2025-12-05 11:02:00.676 [main] INFO  com.example.demo.DemoApplication [node1:8080] - The following 1 profile is active: "local-nacos"
2025-12-05 11:02:00.714 [main] INFO  c.a.c.n.c.NacosConfigDataLoader [node1:8080] - [Nacos Config] Load config[dataId=nacos-demo-service-local.properties, group=DEFAULT_GROUP] success
2025-12-05 11:02:01.320 [main] INFO  o.s.d.r.c.RepositoryConfigurationDelegate [node1:8080] - Multiple Spring Data modules found, entering strict repository configuration mode
2025-12-05 11:02:01.321 [main] INFO  o.s.d.r.c.RepositoryConfigurationDelegate [node1:8080] - Bootstrapping Spring Data Elasticsearch repositories in DEFAULT mode.
2025-12-05 11:02:01.329 [main] INFO  o.s.d.r.c.RepositoryConfigurationDelegate [node1:8080] - Finished Spring Data repository scanning in 5 ms. Found 0 Elasticsearch repository interfaces.
2025-12-05 11:02:01.466 [main] DEBUG org.apache.ibatis.logging.LogFactory [node1:8080] - Logging initialized using 'class org.apache.ibatis.logging.slf4j.Slf4jImpl' adapter.
2025-12-05 11:02:01.473 [main] DEBUG o.m.s.mapper.ClassPathMapperScanner [node1:8080] - Identified candidate component class: file [/Users/markchou/Documents/code-demo-pratice/application-demo/target/classes/com/example/demo/mapper/SysUserMapper.class]
2025-12-05 11:02:01.474 [main] DEBUG o.m.s.mapper.ClassPathMapperScanner [node1:8080] - Creating MapperFactoryBean with name 'sysUserMapper' and 'com.example.demo.mapper.SysUserMapper' mapperInterface
2025-12-05 11:02:01.475 [main] DEBUG o.m.s.mapper.ClassPathMapperScanner [node1:8080] - Enabling autowire by type for MapperFactoryBean with name 'sysUserMapper'.
2025-12-05 11:02:01.645 [main] INFO  o.s.d.r.c.RepositoryConfigurationDelegate [node1:8080] - Multiple Spring Data modules found, entering strict repository configuration mode
2025-12-05 11:02:01.646 [main] INFO  o.s.d.r.c.RepositoryConfigurationDelegate [node1:8080] - Bootstrapping Spring Data Elasticsearch repositories in DEFAULT mode.
2025-12-05 11:02:01.663 [main] INFO  o.s.d.r.c.RepositoryConfigurationExtensionSupport [node1:8080] - Spring Data Elasticsearch - Could not safely identify store assignment for repository candidate interface com.example.demo.repository.PayAccountGroupRepository; If you want this repository to be a Elasticsearch repository, consider annotating your entities with one of these annotations: org.springframework.data.elasticsearch.annotations.Document (preferred), or consider extending one of the following types with your repository: org.springframework.data.elasticsearch.repository.ElasticsearchRepository, org.springframework.data.elasticsearch.repository.ElasticsearchRepository
2025-12-05 11:02:01.697 [main] INFO  o.s.d.r.c.RepositoryConfigurationDelegate [node1:8080] - Finished Spring Data repository scanning in 51 ms. Found 1 Elasticsearch repository interfaces.
2025-12-05 11:02:01.701 [main] INFO  o.s.d.r.c.RepositoryConfigurationDelegate [node1:8080] - Multiple Spring Data modules found, entering strict repository configuration mode
2025-12-05 11:02:01.702 [main] INFO  o.s.d.r.c.RepositoryConfigurationDelegate [node1:8080] - Bootstrapping Spring Data Reactive Elasticsearch repositories in DEFAULT mode.
2025-12-05 11:02:01.705 [main] INFO  o.s.d.r.c.RepositoryConfigurationExtensionSupport [node1:8080] - Spring Data Reactive Elasticsearch - Could not safely identify store assignment for repository candidate interface com.example.demo.repository.PayAccountGroupRepository; If you want this repository to be a Reactive Elasticsearch repository, consider annotating your entities with one of these annotations: org.springframework.data.elasticsearch.annotations.Document (preferred), or consider extending one of the following types with your repository: org.springframework.data.elasticsearch.repository.ReactiveElasticsearchRepository
2025-12-05 11:02:01.707 [main] INFO  o.s.d.r.c.RepositoryConfigurationDelegate [node1:8080] - Finished Spring Data repository scanning in 4 ms. Found 0 Reactive Elasticsearch repository interfaces.
2025-12-05 11:02:01.715 [main] INFO  o.s.d.r.c.RepositoryConfigurationDelegate [node1:8080] - Multiple Spring Data modules found, entering strict repository configuration mode
2025-12-05 11:02:01.715 [main] INFO  o.s.d.r.c.RepositoryConfigurationDelegate [node1:8080] - Bootstrapping Spring Data JPA repositories in DEFAULT mode.
2025-12-05 11:02:01.726 [main] INFO  o.s.d.r.c.RepositoryConfigurationExtensionSupport [node1:8080] - Spring Data JPA - Could not safely identify store assignment for repository candidate interface com.example.demo.repository.ProductRepository; If you want this repository to be a JPA repository, consider annotating your entities with one of these annotations: javax.persistence.Entity, javax.persistence.MappedSuperclass (preferred), or consider extending one of the following types with your repository: org.springframework.data.jpa.repository.JpaRepository
2025-12-05 11:02:01.731 [main] INFO  o.s.d.r.c.RepositoryConfigurationDelegate [node1:8080] - Finished Spring Data repository scanning in 12 ms. Found 1 JPA repository interfaces.
2025-12-05 11:02:01.746 [main] INFO  o.s.d.r.c.RepositoryConfigurationDelegate [node1:8080] - Multiple Spring Data modules found, entering strict repository configuration mode
2025-12-05 11:02:01.747 [main] INFO  o.s.d.r.c.RepositoryConfigurationDelegate [node1:8080] - Bootstrapping Spring Data Redis repositories in DEFAULT mode.
2025-12-05 11:02:01.757 [main] INFO  o.s.d.r.c.RepositoryConfigurationExtensionSupport [node1:8080] - Spring Data Redis - Could not safely identify store assignment for repository candidate interface com.example.demo.repository.PayAccountGroupRepository; If you want this repository to be a Redis repository, consider annotating your entities with one of these annotations: org.springframework.data.redis.core.RedisHash (preferred), or consider extending one of the following types with your repository: org.springframework.data.keyvalue.repository.KeyValueRepository
2025-12-05 11:02:01.757 [main] INFO  o.s.d.r.c.RepositoryConfigurationExtensionSupport [node1:8080] - Spring Data Redis - Could not safely identify store assignment for repository candidate interface com.example.demo.repository.ProductRepository; If you want this repository to be a Redis repository, consider annotating your entities with one of these annotations: org.springframework.data.redis.core.RedisHash (preferred), or consider extending one of the following types with your repository: org.springframework.data.keyvalue.repository.KeyValueRepository
2025-12-05 11:02:01.757 [main] INFO  o.s.d.r.c.RepositoryConfigurationDelegate [node1:8080] - Finished Spring Data repository scanning in 3 ms. Found 0 Redis repository interfaces.
2025-12-05 11:02:02.012 [main] INFO  o.s.cloud.context.scope.GenericScope [node1:8080] - BeanFactory id=a129ebd4-09f9-3707-8d08-dc67e4bad5ee
2025-12-05 11:02:02.540 [main] INFO  o.s.b.w.e.tomcat.TomcatWebServer [node1:8080] - Tomcat initialized with port(s): 8080 (http)
2025-12-05 11:02:02.549 [main] INFO  o.a.catalina.core.StandardService [node1:8080] - Starting service [Tomcat]
2025-12-05 11:02:02.549 [main] INFO  o.a.catalina.core.StandardEngine [node1:8080] - Starting Servlet engine: [Apache Tomcat/9.0.68]
2025-12-05 11:02:02.682 [main] INFO  o.a.c.c.C.[Tomcat].[localhost].[/] [node1:8080] - Initializing Spring embedded WebApplicationContext
2025-12-05 11:02:02.682 [main] INFO  o.s.b.w.s.c.ServletWebServerApplicationContext [node1:8080] - Root WebApplicationContext: initialization completed in 1966 ms
2025-12-05 11:02:03.153 [main] INFO  com.zaxxer.hikari.HikariDataSource [node1:8080] - HikariPool-1 - Starting...
2025-12-05 11:02:03.296 [main] INFO  com.zaxxer.hikari.HikariDataSource [node1:8080] - HikariPool-1 - Start completed.
2025-12-05 11:02:04.052 [main] INFO  o.s.o.j.LocalContainerEntityManagerFactoryBean [node1:8080] - Initialized JPA EntityManagerFactory for persistence unit 'default'
2025-12-05 11:02:04.484 [main] DEBUG o.m.spring.SqlSessionFactoryBean [node1:8080] - Property 'mapperLocations' was not specified or no matching resources found
2025-12-05 11:02:05.769 [main] WARN  org.elasticsearch.client.RestClient [node1:8080] - request [HEAD http://localhost:9200/products?ignore_throttled=false&ignore_unavailable=false&expand_wildcards=open%2Cclosed&allow_no_indices=false] returned 1 warnings: [299 Elasticsearch-7.17.0-bee86328705acaa9a6daede7140defd4d9ec56bd "[ignore_throttled] parameter is deprecated because frozen indices have been deprecated. Consider cold or frozen tiers in place of frozen indices."]
2025-12-05 11:02:05.949 [main] WARN  o.s.b.a.o.j.JpaBaseConfiguration$JpaWebConfiguration [node1:8080] - spring.jpa.open-in-view is enabled by default. Therefore, database queries may be performed during view rendering. Explicitly configure spring.jpa.open-in-view to disable this warning
2025-12-05 11:02:06.142 [main] INFO  c.a.c.s.SentinelWebMvcConfigurer [node1:8080] - [Sentinel Starter] register SentinelWebInterceptor with urlPatterns: [/**].
2025-12-05 11:02:07.256 [main] INFO  o.s.b.w.e.tomcat.TomcatWebServer [node1:8080] - Tomcat started on port(s): 8080 (http) with context path ''
2025-12-05 11:02:07.273 [main] INFO  c.a.n.p.a.s.c.ClientAuthPluginManager [node1:8080] - [ClientAuthPluginManager] Load ClientAuthService com.alibaba.nacos.client.auth.impl.NacosClientAuthServiceImpl success.
2025-12-05 11:02:07.273 [main] INFO  c.a.n.p.a.s.c.ClientAuthPluginManager [node1:8080] - [ClientAuthPluginManager] Load ClientAuthService com.alibaba.nacos.client.auth.ram.RamClientAuthServiceImpl success.
2025-12-05 11:02:07.450 [main] INFO  c.a.c.n.r.NacosServiceRegistry [node1:8080] - nacos registry, DEFAULT_GROUP nacos-demo-service 192.168.31.227:8080 register finished
2025-12-05 11:02:07.455 [main] INFO  o.s.a.r.c.CachingConnectionFactory [node1:8080] - Attempting to connect to: [localhost:5672, localhost:5673]
2025-12-05 11:02:07.499 [main] INFO  o.s.a.r.c.CachingConnectionFactory [node1:8080] - Created new connection: rabbitConnectionFactory#3003d288:0/SimpleConnection@13b6f82d [delegate=amqp://rabbit@127.0.0.1:5672/, localPort= 49472]
2025-12-05 11:02:07.663 [main] INFO  com.example.demo.DemoApplication [node1:8080] - Started DemoApplication in 9.33 seconds (JVM running for 10.268)
2025-12-05 11:02:07.677 [main] INFO  c.a.c.n.r.NacosContextRefresher [node1:8080] - [Nacos Config] Listening config: dataId=nacos-demo-service-local.properties, group=DEFAULT_GROUP
2025-12-05 11:02:07.678 [main] INFO  com.example.demo.DemoApplication [node1:8080] - 应用启动完成，开始测试日志输出
2025-12-05 11:02:40.825 [Thread-6] WARN  c.a.nacos.common.notify.NotifyCenter [node1:8080] - [NotifyCenter] Start destroying Publisher
2025-12-05 11:02:40.826 [Thread-1] WARN  c.a.n.c.http.HttpClientBeanHolder [node1:8080] - [HttpClientBeanHolder] Start destroying common HttpClient
2025-12-05 11:02:40.827 [Thread-6] WARN  c.a.nacos.common.notify.NotifyCenter [node1:8080] - [NotifyCenter] Destruction of the end
2025-12-05 11:02:40.828 [Thread-1] WARN  c.a.n.c.http.HttpClientBeanHolder [node1:8080] - [HttpClientBeanHolder] Destruction of the end
2025-12-05 11:02:40.837 [org.springframework.amqp.rabbit.RabbitListenerEndpointContainer#0-2] INFO  o.s.a.r.l.SimpleMessageListenerContainer [node1:8080] - Waiting for workers to finish.
2025-12-05 11:02:40.840 [org.springframework.amqp.rabbit.RabbitListenerEndpointContainer#1-2] INFO  o.s.a.r.l.SimpleMessageListenerContainer [node1:8080] - Waiting for workers to finish.
2025-12-05 11:02:40.843 [org.springframework.amqp.rabbit.RabbitListenerEndpointContainer#2-2] INFO  o.s.a.r.l.SimpleMessageListenerContainer [node1:8080] - Waiting for workers to finish.
2025-12-05 11:02:40.846 [org.springframework.amqp.rabbit.RabbitListenerEndpointContainer#3-2] INFO  o.s.a.r.l.SimpleMessageListenerContainer [node1:8080] - Waiting for workers to finish.
2025-12-05 11:02:41.706 [org.springframework.amqp.rabbit.RabbitListenerEndpointContainer#1-2] INFO  o.s.a.r.l.SimpleMessageListenerContainer [node1:8080] - Successfully waited for workers to finish.
2025-12-05 11:02:41.706 [org.springframework.amqp.rabbit.RabbitListenerEndpointContainer#0-2] INFO  o.s.a.r.l.SimpleMessageListenerContainer [node1:8080] - Successfully waited for workers to finish.
2025-12-05 11:02:41.712 [org.springframework.amqp.rabbit.RabbitListenerEndpointContainer#2-2] INFO  o.s.a.r.l.SimpleMessageListenerContainer [node1:8080] - Successfully waited for workers to finish.
2025-12-05 11:02:41.749 [org.springframework.amqp.rabbit.RabbitListenerEndpointContainer#3-2] INFO  o.s.a.r.l.SimpleMessageListenerContainer [node1:8080] - Successfully waited for workers to finish.
2025-12-05 11:02:41.765 [SpringApplicationShutdownHook] INFO  o.s.a.r.l.SimpleMessageListenerContainer [node1:8080] - Shutdown ignored - container is already stopped
2025-12-05 11:02:41.765 [SpringApplicationShutdownHook] INFO  o.s.a.r.l.SimpleMessageListenerContainer [node1:8080] - Shutdown ignored - container is already stopped
2025-12-05 11:02:41.765 [SpringApplicationShutdownHook] INFO  o.s.a.r.l.SimpleMessageListenerContainer [node1:8080] - Shutdown ignored - container is already stopped
2025-12-05 11:02:41.765 [SpringApplicationShutdownHook] INFO  o.s.a.r.l.SimpleMessageListenerContainer [node1:8080] - Shutdown ignored - container is already stopped
2025-12-05 11:02:41.765 [SpringApplicationShutdownHook] INFO  c.a.c.n.r.NacosServiceRegistry [node1:8080] - De-registering from Nacos Server now...
2025-12-05 11:02:41.774 [SpringApplicationShutdownHook] INFO  c.a.c.n.r.NacosServiceRegistry [node1:8080] - De-registration finished.
2025-12-05 11:02:41.810 [SpringApplicationShutdownHook] INFO  o.s.o.j.LocalContainerEntityManagerFactoryBean [node1:8080] - Closing JPA EntityManagerFactory for persistence unit 'default'
2025-12-05 11:02:41.813 [SpringApplicationShutdownHook] INFO  com.zaxxer.hikari.HikariDataSource [node1:8080] - HikariPool-1 - Shutdown initiated...
2025-12-05 11:02:41.822 [SpringApplicationShutdownHook] INFO  com.zaxxer.hikari.HikariDataSource [node1:8080] - HikariPool-1 - Shutdown completed.
